C51 COMPILER V9.00   MAIN                                                                  12/13/2016 11:32:28 PAGE 1   


C51 COMPILER V9.00, COMPILATION OF MODULE MAIN
OBJECT MODULE PLACED IN main.OBJ
COMPILER INVOKED BY: C:\Keil\C51\BIN\C51.EXE main.c BROWSE DEBUG OBJECTEXTEND

line level    source

   1          /*********************************************************************************
   2          * 【编写时间】： 2016年12月2日
   3          * 【作    者】： 清翔电子:03
   4          * 【版    本】： 1.0
   5          * 【网    站】： http://www.qxmcu.com/ 
   6          * 【淘宝店铺】： http://qxmcu.taobao.com/ (直销店)
   7          * 【实验平台】： QX-MCS51 单片机开发板 & QX-A51智能小车
   8          * 【外部晶振】： 11.0592mhz     
   9          * 【主控芯片】： STC89C52
  10          * 【编译环境】： Keil μVisio4
  11          * ********************************【接线说明】********************************
  12                       以下"A_"表示智能小车底板~~~"B_"表示开发板     
  13          *开发板供电线  ：A_J5-VCC~~~B_VCC或5V0    A_J6-GND~~~B_GND （一共使用2根杜邦线）
  14          *电机控制线    ：A_J10-P1.2至P1.7 对应接到B_P1.2至P1.7 （一共使用6根杜邦线）
  15          *避障寻迹反馈线：A_J11-P3.2至P3.5 对应接到B_P3.2至P3.5 （一共使用4根杜邦线）
  16          ******************************************************************************
  17          * 【程序功能】：QX-A51智能小车PWM调速                                                                       
  18          * 【使用说明】：接线无误后，烧写程序打开电源开关小车低速前进，调节程序可以调节小车速度
  19          * 【注意事项】：避免小车撞向障碍物或小车轮子堵转，小车电压不能低于6V
  20          **********************************************************************************/
  21          #include <reg52.h>
  22          #include <..\CONFIG\QXA51.h>
  23          unsigned char pwm_left_val = 210;//左电机占空比值 取值范围0-170，0最快
  24          unsigned char pwm_right_val = 210;//右电机占空比值取值范围0-170 ,0最快
  25          unsigned char pwm_t;//周期
  26          /*小车前进*/
  27          void forward()
  28          {
  29   1              left_motor_go; //左电机前进
  30   1              right_motor_go; //右电机前进
  31   1      }
  32          
  33          //定时器0中断
  34          void timer0() interrupt 1
  35          {
  36   1              pwm_t++;
  37   1              if(pwm_t == 255)
  38   1                      pwm_t = EN1 = EN2 = 0;
  39   1              if(pwm_left_val == pwm_t)
  40   1                      EN1 = 1;                
  41   1              if(pwm_right_val == pwm_t)
  42   1                      EN2 = 1;                         
  43   1      }
  44          void main()
  45          {
  46   1              TMOD |= 0x02;//8位自动重装模块
  47   1              TH0 = 220;
  48   1              TL0 = 220;//11.0592M晶振下占空比最大比值是256,输出100HZ
  49   1              TR0 = 1;//启动定时器0
  50   1              ET0 = 1;//允许定时器0中断
  51   1              EA      = 1;//总中断允许
  52   1              while(1)
  53   1              {
  54   2                      forward();//前进                
  55   2              }
C51 COMPILER V9.00   MAIN                                                                  12/13/2016 11:32:28 PAGE 2   

  56   1      }


MODULE INFORMATION:   STATIC OVERLAYABLE
   CODE SIZE        =     66    ----
   CONSTANT SIZE    =   ----    ----
   XDATA SIZE       =   ----    ----
   PDATA SIZE       =   ----    ----
   DATA SIZE        =      3    ----
   IDATA SIZE       =   ----    ----
   BIT SIZE         =   ----    ----
END OF MODULE INFORMATION.


C51 COMPILATION COMPLETE.  0 WARNING(S),  0 ERROR(S)
