C51 COMPILER V9.54   MAIN                                                                  02/19/2024 11:23:16 PAGE 1   


C51 COMPILER V9.54, COMPILATION OF MODULE MAIN
OBJECT MODULE PLACED IN .\Objects\main.obj
COMPILER INVOKED BY: D:\51project\Keil_v5\keil\C51\BIN\C51.EXE main.c OPTIMIZE(8,SPEED) BROWSE DEBUG OBJECTEXTEND PRINT(
                    -.\Listings\main.lst) TABS(2) OBJECT(.\Objects\main.obj)

line level    source

   1          #include <STC8.H>
*** WARNING C318 IN LINE 1 OF main.c: can't open file 'STC8.H'
   2          
   3          sbit SW1= P3^3;
*** ERROR C202 IN LINE 3 OF main.c: 'P3': undefined identifier
   4          
   5          void Delayms(unsigned int ms)   //@11.0592MHz
   6          {
   7   1        unsigned char data i, j;
   8   1        while(ms--){
   9   2          i = 15;
  10   2          j = 90;
  11   2          do
  12   2          {
  13   3            while (--j);
  14   3          } while (--i);
  15   2        } 
  16   1      }
  17          
  18          
  19          void main()
  20          {
  21   1        P1M1 = 0x00;
*** ERROR C202 IN LINE 21 OF main.c: 'P1M1': undefined identifier
  22   1        P1M0 = 0xFF;//推挽
*** ERROR C202 IN LINE 22 OF main.c: 'P1M0': undefined identifier
  23   1        P3M1 = 0xF7;
*** ERROR C202 IN LINE 23 OF main.c: 'P3M1': undefined identifier
  24   1        P3M0 = 0xF7;//弱上拉
*** ERROR C202 IN LINE 24 OF main.c: 'P3M0': undefined identifier
  25   1        P1 = 0xFF;
*** ERROR C202 IN LINE 25 OF main.c: 'P1': undefined identifier
  26   1        while(1)
  27   1        {
  28   2          char count=0;
  29   2          if(SW1==0)
*** ERROR C202 IN LINE 29 OF main.c: 'SW1': undefined identifier
  30   2          {
  31   3            Delayms(20);
  32   3            while(SW1==0);
*** ERROR C202 IN LINE 32 OF main.c: 'SW1': undefined identifier
  33   3            Delayms(20);//按键消抖
  34   3            
  35   3            for(;count<8;count++)
  36   3            {
  37   4              P1=~(0x01<<count);//流水灯
*** ERROR C202 IN LINE 37 OF main.c: 'P1': undefined identifier
  38   4              Delayms(500);
  39   4            }
  40   3          }
  41   2        }
  42   1      }

C51 COMPILATION COMPLETE.  1 WARNING(S),  9 ERROR(S)
