C51 COMPILER V9.00   MAIN                                                                  12/11/2016 17:49:44 PAGE 1   


C51 COMPILER V9.00, COMPILATION OF MODULE MAIN
OBJECT MODULE PLACED IN main.OBJ
COMPILER INVOKED BY: C:\Keil\C51\BIN\C51.EXE main.c BROWSE DEBUG OBJECTEXTEND

line level    source

   1          /*********************************************************************************
   2          * 【编写时间】： 2016年12月2日
   3          * 【作    者】： 清翔电子:03
   4          * 【版    本】： 1.0
   5          * 【网    站】： http://www.qxmcu.com/ 
   6          * 【淘宝店铺】： http://qxmcu.taobao.com/ (直销店)
   7          * 【实验平台】： QX-MCS51 单片机开发板 & QX-A51智能小车
   8          * 【外部晶振】： 11.0592mhz     
   9          * 【主控芯片】： STC89C52
  10          * 【编译环境】： Keil μVisio4
  11          * ********************************【接线说明】********************************
  12                       以下"A_"表示智能小车底板~~~"B_"表示开发板     
  13          *开发板供电线  ：A_J5-VCC~~~B_VCC或5V0    A_J6-GND~~~B_GND （一共使用2根杜邦线）
  14          *电机控制线    ：A_J10-P1.2至P1.7 对应接到B_P1.2至P1.7 （一共使用6根杜邦线）
  15          *避障寻迹反馈线：A_J11-P3.2至P3.5 对应接到B_P3.2至P3.5 （一共使用4根杜邦线）
  16          ******************************************************************************
  17          * 【程序功能】：按键选择智能小车功能演示                                                                                    
  18          * 【使用说明】：接线无误后，烧写程序打开电源开关按下S2或S3按键小车执行相应的运行组合
  19          * 【注意事项】：避免小车撞向障碍物或小车轮子堵转，小车电压不能低于6V
  20          **********************************************************************************/
  21          #include <reg52.h>
  22          #include <..\CONFIG\QXA51.h>
  23          
  24          void delay(unsigned int z)//毫秒级延时
  25          {
  26   1              unsigned int x,y;
  27   1              for(x = z; x > 0; x--)
  28   1                      for(y = 114; y > 0 ; y--);
  29   1      }       
  30          
  31          /*小车前进*/
  32          void forward()
  33          {
  34   1              left_motor_en; //左电机使能
  35   1              right_motor_en;//右电机使能
  36   1              left_motor_go; //左电机前进
  37   1              right_motor_go; //右电机前进
  38   1      }
  39          /*小车后退*/
  40          void backward()
  41          {
  42   1              left_motor_en; //左电机使能
  43   1              right_motor_en;//右电机使能
  44   1              left_motor_back; //左电机后退
  45   1              right_motor_back; //右电机后退  
  46   1      }
  47          /*小车左转*/
  48          void left()
  49          {
  50   1              left_motor_stops; //左电机停止
  51   1              right_motor_en;//右电机使能
  52   1              right_motor_go; //右电机前进    
  53   1      }
  54          /*小车右转*/
  55          void right()
C51 COMPILER V9.00   MAIN                                                                  12/11/2016 17:49:44 PAGE 2   

  56          {
  57   1              right_motor_stops;//右电机停止
  58   1              left_motor_en;    //左电机使能
  59   1              left_motor_go;    //左电机前进
  60   1      }
  61          
  62          /*小车停止*/
  63          void stop()
  64          {
  65   1              right_motor_stops;//右电机停止
  66   1              left_motor_stops; //左电机停止  
  67   1      }
  68          /*小车高速左转*/
  69          void left_rapidly()
  70          {
  71   1              left_motor_en; //左电机使能
  72   1              right_motor_en;//右电机使能
  73   1              right_motor_go;
  74   1              left_motor_back;        
  75   1      }
  76          /*小车高速右转*/
  77          void right_rapidly()
  78          {
  79   1              left_motor_en; //左电机使能
  80   1              right_motor_en;//右电机使能
  81   1              left_motor_go;
  82   1              right_motor_back;       
  83   1      }
  84          
  85          void main()
  86          {
  87   1              unsigned char i;
  88   1              while(1)
  89   1              {
  90   2                      if(key_s2 == 0)//判断S2是否按下
  91   2                      {
  92   3                              delay(5);//软件消抖
  93   3                              if(key_s2 == 0)
  94   3                              {
  95   4                                      beep = 0;
  96   4                                      delay(1000); //蜂鸣器响1秒
  97   4                                      beep = 1;
  98   4              
  99   4                                      forward();//小车前进
 100   4                                      delay(3000);//毫秒级延时
 101   4                              
 102   4                                      stop();//小车停止
 103   4                                      delay(3000);//毫秒级延时
 104   4                              
 105   4                                      backward();//小车后退
 106   4                                      delay(3000);//毫秒级延时
 107   4                              
 108   4                                      stop();//小车停止
 109   4                                      delay(3000);//毫秒级延时
 110   4                              
 111   4                                      left(); // 小车左转
 112   4                                      delay(3000);//毫秒级延时
 113   4                                      
 114   4                                      stop();//小车停止
 115   4                                      delay(3000);//毫秒级延时
 116   4                                      
 117   4                                      right();// 小车右转
C51 COMPILER V9.00   MAIN                                                                  12/11/2016 17:49:44 PAGE 3   

 118   4                                      delay(3000);//毫秒级延时
 119   4                              
 120   4                                      stop();//小车停止
 121   4                                      delay(3000);//毫秒级延时
 122   4                              
 123   4                                      left_rapidly();//小车高速左转
 124   4                                      delay(3000);//毫秒级延时
 125   4                              
 126   4                                      stop();//小车停止
 127   4                                      delay(3000);//毫秒级延时
 128   4                              
 129   4                                      right_rapidly();//小车高速右转
 130   4                                      delay(3000);//毫秒级延时
 131   4                                      
 132   4                                      stop();//小车停止               
 133   4                              }
 134   3                      }
 135   2      
 136   2                      if(key_s3 == 0) //判断S3按键是否被按下
 137   2                      {
 138   3                              delay(5); //软件消抖
 139   3                              if(key_s3 == 0)
 140   3                              {
 141   4                                      beep = 0;
 142   4                                      delay(1000); //蜂鸣器响1秒
 143   4                                      beep = 1;
 144   4                                  for(i=0; i<4; i++)  //执行4次
 145   4                                      {
 146   5                                              forward();
 147   5                                              delay(2000); //前进2秒
 148   5                                              
 149   5                                              stop();
 150   5                                              delay(500);      //停止0.5秒
 151   5                                              
 152   5                                              left();
 153   5                                              delay(200);      //左转，延时越久转向角度越大
 154   5                                              
 155   5                                              stop();          //停0.5秒
 156   5                                              delay(500);     
 157   5                                      }
 158   4                              }
 159   3                      }
 160   2              }       
 161   1      }


MODULE INFORMATION:   STATIC OVERLAYABLE
   CODE SIZE        =    257    ----
   CONSTANT SIZE    =   ----    ----
   XDATA SIZE       =   ----    ----
   PDATA SIZE       =   ----    ----
   DATA SIZE        =   ----    ----
   IDATA SIZE       =   ----    ----
   BIT SIZE         =   ----    ----
END OF MODULE INFORMATION.


C51 COMPILATION COMPLETE.  0 WARNING(S),  0 ERROR(S)
