C51 COMPILER V9.54   BASIC                                                                 04/21/2023 16:20:54 PAGE 1   


C51 COMPILER V9.54, COMPILATION OF MODULE BASIC
OBJECT MODULE PLACED IN .\Objects\basic.obj
COMPILER INVOKED BY: D:\Keil_v5\C51\BIN\C51.EXE basic.c OPTIMIZE(8,SPEED) BROWSE DEBUG OBJECTEXTEND PRINT(.\Listings\bas
                    -ic.lst) TABS(2) OBJECT(.\Objects\basic.obj)

line level    source

   1          #include <REGX52.H>
   2          sbit IN3 = P1^6;
   3          sbit IN4 = P1^7;//ÓÒÂÖ
   4          sbit IN1 = P1^3;
   5          sbit IN2 = P1^2;//×óÂÖ
   6          
   7          void car_lf_go()
   8          {IN1=1;IN2=0;}
   9          
  10          void car_rg_go()
  11          {IN3=1;IN4=0;}
  12          
  13          void car_lf_back()
  14          {IN1=0;IN2=1;}
  15          
  16          void car_rg_back()
  17          {IN3=0;IN4=1;}
  18          
  19          void turn_left_go()
  20          {
  21   1        IN1=1;
  22   1        IN2=0;
  23   1        IN3=0;
  24   1        IN4=0;
  25   1      }
  26          
  27          void turn_left_back()
  28          {
  29   1        IN1=0;
  30   1        IN2=1;
  31   1        IN3=0;
  32   1        IN4=0;
  33   1      }
  34          
  35          void turn_right_go()
  36          {
  37   1        IN1=0;
  38   1        IN2=0;
  39   1        IN3=1;
  40   1        IN4=0;
  41   1      }
  42          
  43          void turn_right_back()
  44          {
  45   1        IN1=0;
  46   1        IN2=0;
  47   1        IN3=0;
  48   1        IN4=1;
  49   1      }
  50          
  51          void car_lf_stop()
  52          {IN1=0;IN2=0;}
  53          
  54          void car_rg_stop()
C51 COMPILER V9.54   BASIC                                                                 04/21/2023 16:20:54 PAGE 2   

  55          {IN3=0;IN4=0;}


MODULE INFORMATION:   STATIC OVERLAYABLE
   CODE SIZE        =     66    ----
   CONSTANT SIZE    =   ----    ----
   XDATA SIZE       =   ----    ----
   PDATA SIZE       =   ----    ----
   DATA SIZE        =   ----    ----
   IDATA SIZE       =   ----    ----
   BIT SIZE         =   ----    ----
END OF MODULE INFORMATION.


C51 COMPILATION COMPLETE.  0 WARNING(S),  0 ERROR(S)
