C51 COMPILER V9.54   BASIC                                                                 07/06/2023 11:26:09 PAGE 1   


C51 COMPILER V9.54, COMPILATION OF MODULE BASIC
OBJECT MODULE PLACED IN .\Objects\BASIC.obj
COMPILER INVOKED BY: D:\51project\Keil_v5\C51\BIN\C51.EXE BASIC.c OPTIMIZE(8,SPEED) BROWSE DEBUG OBJECTEXTEND PRINT(.\Li
                    -stings\BASIC.lst) TABS(2) OBJECT(.\Objects\BASIC.obj)

line level    source

   1          #include <REG52.H>
   2          #include "HEAD.H" 
   3          void forward()      //前进
   4          {
   5   1        left_motor_go;
   6   1        right_motor_go;
   7   1      }
   8          
   9          void backward()     //后退
  10          {
  11   1        left_motor_back;
  12   1        right_motor_back;
  13   1      }
  14          
  15          void stop()       //停止
  16          {
  17   1        left_motor_stop;
  18   1        right_motor_stop;
  19   1      }
  20          
  21          void left()       //左转
  22          {
  23   1        left_motor_stop;
  24   1        right_motor_go;
  25   1      }
  26          
  27          void right()      //右转
  28          {
  29   1        right_motor_stop;
  30   1        left_motor_go;
  31   1      }
  32          
  33          void left_rapidly()   //高速左转
  34          {
  35   1        right_motor_go;
  36   1        left_motor_back;  
  37   1      }
  38          
  39          void right_rapidly()  //高速右转
  40          {
  41   1        left_motor_go;
  42   1        right_motor_back; 
  43   1      }
  44          
  45          void back_right()   //车屁股向右
  46          {
  47   1        left_motor_back;
  48   1        right_motor_stop;
  49   1      }
  50          
  51          void back_left()    //车屁股向左
  52          {
  53   1        left_motor_stop;
  54   1        right_motor_back;
C51 COMPILER V9.54   BASIC                                                                 07/06/2023 11:26:09 PAGE 2   

  55   1      }
  56          
  57          //周期=定时器溢出时间*占空比 ，100HZ，T=10 000 us，占空比最大256，溢出时间39.0625
             -us,需要的定时器计数39.0625/1.085=36次
  58          void timer0(void)   //39微秒@11.0592MHz
  59          {
  60   1        TMOD &= 0xF0;   //设置定时器模式
  61   1        TMOD |= 0x01;   //设置定时器模式
  62   1        TL0 = 0xA4;   //设置定时初始值
  63   1        TH0 = 0xFF;   //设置定时重载值
  64   1        TF0 = 0;    //清除TF0标志
  65   1        TR0 = 1;    //定时器0开始计时
  66   1        
  67   1        ET0=1;      //1允许定时器中断
  68   1        EA=1;     //允许总中断
  69   1        PT0=0;      //中断优先级
  70   1      }
  71          
  72          


MODULE INFORMATION:   STATIC OVERLAYABLE
   CODE SIZE        =    104    ----
   CONSTANT SIZE    =   ----    ----
   XDATA SIZE       =   ----    ----
   PDATA SIZE       =   ----    ----
   DATA SIZE        =   ----    ----
   IDATA SIZE       =   ----    ----
   BIT SIZE         =   ----    ----
END OF MODULE INFORMATION.


C51 COMPILATION COMPLETE.  0 WARNING(S),  0 ERROR(S)
