C51 COMPILER V9.54   MAIN                                                                  07/06/2023 11:26:09 PAGE 1   


C51 COMPILER V9.54, COMPILATION OF MODULE MAIN
OBJECT MODULE PLACED IN .\Objects\main.obj
COMPILER INVOKED BY: D:\51project\Keil_v5\C51\BIN\C51.EXE main.c OPTIMIZE(8,SPEED) BROWSE DEBUG OBJECTEXTEND PRINT(.\Lis
                    -tings\main.lst) TABS(2) OBJECT(.\Objects\main.obj)

line level    source

   1          #include <REG52.H>
   2          #include "BASIC.H"
   3          #include "HEAD.H"
   4          #include "delay.h"
   5          #include "user.h"//定义管脚
   6          
   7          
   8          unsigned char pwm_left_val=200,pwm_right_val=200,pwm_t=0;//左占空比，右占空比，周期数
   9          unsigned char count=0;
  10          
  11          void timei() interrupt 1
  12          {
  13   1        TL0 = 0xA4;   //设置定时初始值
  14   1        TH0 = 0xFF;   //设置定时重载值
  15   1        pwm_t++;
  16   1        if(pwm_t==255)
  17   1          pwm_t=EN1=EN2=0;
  18   1        if(pwm_t==pwm_left_val)
  19   1          EN1=1;
  20   1        if(pwm_t==pwm_right_val)
  21   1          EN2=1;
  22   1      }
  23          
  24          void change()
  25          {
  26   1          if(key4 == 0)  //S2按下LED变暗
  27   1          {
  28   2            delayms(5);
  29   2            if(key4 == 0)
  30   2            {
  31   3              Delay20us();
  32   3              while(key4==0);
  33   3              Delay20us();
  34   3              if(pwm_left_val < 170)
  35   3              {
  36   4                pwm_left_val+=5;
  37   4                pwm_right_val=pwm_left_val;
  38   4              }
  39   3            }
  40   2          }
  41   1          if(key5 == 0) //S3按键LED变亮
  42   1          {
  43   2            delayms(5);
  44   2            if(key5 == 0)
  45   2            {
  46   3              Delay20us();
  47   3              while(key5==0);
  48   3              Delay20us();
  49   3              if(pwm_left_val > 0)
  50   3              {
  51   4                pwm_right_val-=5;
  52   4                pwm_left_val=pwm_right_val;
  53   4              }
  54   3            }
C51 COMPILER V9.54   MAIN                                                                  07/06/2023 11:26:09 PAGE 2   

  55   2          }   
  56   1       }
  57          void main()
  58          {
  59   1        key2_long();//按下s2松开，启动
  60   1        timer0();
  61   1        while(1)
  62   1        { 
  63   2          display(pwm_right_val,1);
  64   2          if(count==0)
  65   2          {
  66   3            xunji();
  67   3          
  68   3          }
  69   2          if(count==1)
  70   2          {
  71   3            red();
  72   3          }
  73   2          if(count==2)
  74   2          {
  75   3            change();
  76   3          }
  77   2          if(key2==0)
  78   2          {
  79   3            stop();
  80   3            delayms(1000);
  81   3            break;
  82   3          }
  83   2          if(key3==0)
  84   2          {
  85   3            Delay20us();
  86   3            while(key3==0);
  87   3            Delay20us();
  88   3            count=(count+1)%3;
  89   3            stop();
  90   3            delayms(1000);
  91   3            continue;
  92   3          } 
  93   2          display(count,8);
  94   2        }
  95   1      }


MODULE INFORMATION:   STATIC OVERLAYABLE
   CODE SIZE        =    225    ----
   CONSTANT SIZE    =   ----    ----
   XDATA SIZE       =   ----    ----
   PDATA SIZE       =   ----    ----
   DATA SIZE        =      4    ----
   IDATA SIZE       =   ----    ----
   BIT SIZE         =   ----    ----
END OF MODULE INFORMATION.


C51 COMPILATION COMPLETE.  0 WARNING(S),  0 ERROR(S)
