C51 COMPILER V9.54   FIRST                                                                 07/12/2023 12:43:26 PAGE 1   


C51 COMPILER V9.54, COMPILATION OF MODULE FIRST
OBJECT MODULE PLACED IN .\Objects\first.obj
COMPILER INVOKED BY: D:\51project\Keil_v5\C51\BIN\C51.EXE Objects\first.c OPTIMIZE(8,SPEED) BROWSE DEBUG OBJECTEXTEND PR
                    -INT(.\Listings\first.lst) TABS(2) OBJECT(.\Objects\first.obj)

line level    source

   1          #include <REGX52.H>
   2          #include"lll.h"
   3          #include"delay.h"
   4          unsigned char sec=0;
   5          unsigned char count=0;
   6          unsigned char Keyreturn ()
   7          {
   8   1        unsigned char KeyNumber=0;
   9   1        
  10   1        if(P2_1==0){delayms(20);while(P2_1==0);delayms(20);KeyNumber=1;}
  11   1        if(P2_0==0){delayms(20);while(P2_0==0);delayms(20);KeyNumber=2;}  
  12   1        if(P2_2==0){delayms(20);while(P2_2==0);delayms(20);KeyNumber=3;}    
  13   1        if(P2_3==0){delayms(20);while(P2_3==0);delayms(20);KeyNumber=4;}
  14   1        return KeyNumber;
  15   1      }
  16            
  17          int main ()
  18          {
  19   1        uart();
  20   1        sendbyte(Keyreturn());
  21   1        delayms(3000);
  22   1      }
  23          
*** WARNING C290 IN LINE 22 OF Objects\first.c: missing return value


MODULE INFORMATION:   STATIC OVERLAYABLE
   CODE SIZE        =    113    ----
   CONSTANT SIZE    =   ----    ----
   XDATA SIZE       =   ----    ----
   PDATA SIZE       =   ----    ----
   DATA SIZE        =      2       1
   IDATA SIZE       =   ----    ----
   BIT SIZE         =   ----    ----
END OF MODULE INFORMATION.


C51 COMPILATION COMPLETE.  1 WARNING(S),  0 ERROR(S)
