C51 COMPILER V9.54   LLL                                                                   07/12/2023 12:43:26 PAGE 1   


C51 COMPILER V9.54, COMPILATION OF MODULE LLL
OBJECT MODULE PLACED IN .\Objects\lll.obj
COMPILER INVOKED BY: D:\51project\Keil_v5\C51\BIN\C51.EXE lll.c OPTIMIZE(8,SPEED) BROWSE DEBUG OBJECTEXTEND PRINT(.\List
                    -ings\lll.lst) TABS(2) OBJECT(.\Objects\lll.obj)

line level    source

   1          #include <REGX52.H>
   2          //ݸƬ
   3          void uart()
   4          {
   5   1        PCON |= 0x80;   //ʱ
   6   1        SCON = 0x40;    //8λ,ɱ䲨,
   7   1        TMOD &= 0x0F;   //öʱģʽ
   8   1        TMOD |= 0x20;   //öʱģʽ
   9   1        TL1 = 0xF3;   //öʱʼֵ
  10   1        TH1 = 0xF3;   //öʱֵ
  11   1        ET1 = 0;    //ֹʱETжϣжϽջ
  12   1        TR1 = 1;    //ʱ1ʼʱ
  13   1      
  14   1      }
  15          void UartInit(void)   //4800bps@11.0592MHz51Ƭǵ͹ʵģҪ8λ0-255ĴֿԶװ
             -ʱ
  16          {//ʱ1
  17   1        PCON &= 0x7F;   //ʲ
  18   1        SCON = 0x50;    //8λ,ɱ䲨,
  19   1        TMOD &= 0x0F;   //öʱģʽ
  20   1        TMOD |= 0x20;   //öʱģʽ
  21   1        TL1 = 0xFA;   //öʱʼֵ
  22   1        TH1 = 0xFA;   //öʱֵ
  23   1        ET1 = 0;    //ֹʱETжϣжϽջ
  24   1        TR1 = 1;    //ʱ1ʼʱ
  25   1        EA=1;//ʹܶʱж
  26   1        ES=1;//ʹܴж
  27   1      }
  28          void sendbyte(unsigned char byte)
  29          {
  30   1        SBUF=byte;//SBUFݽ
  31   1        while(TI==0);//TIͱ־λ0Ϊȴݣ1Ϊ
  32   1        TI=0;
  33   1      }
  34          /*void routine() interrupt 4
  35          {
  36            if(RI==1)
  37            {
  38              P2=SBUF;
  39              sendbyte(P2);
  40              RI=0;
  41            }
  42          
  43          }*///ʹʱм


MODULE INFORMATION:   STATIC OVERLAYABLE
   CODE SIZE        =     58    ----
   CONSTANT SIZE    =   ----    ----
   XDATA SIZE       =   ----    ----
   PDATA SIZE       =   ----    ----
   DATA SIZE        =   ----    ----
   IDATA SIZE       =   ----    ----
   BIT SIZE         =   ----    ----
C51 COMPILER V9.54   LLL                                                                   07/12/2023 12:43:26 PAGE 2   

END OF MODULE INFORMATION.


C51 COMPILATION COMPLETE.  0 WARNING(S),  0 ERROR(S)
