C51 COMPILER V9.54   ____LED________                                                       05/22/2024 19:58:48 PAGE 1   


C51 COMPILER V9.54, COMPILATION OF MODULE ____LED________
OBJECT MODULE PLACED IN ’Û¡–LEDœ‘ æ µ—È.OBJ
COMPILER INVOKED BY: D:\51project\Keil_v5\keil\C51\BIN\C51.EXE ’Û¡–LEDœ‘ æ µ—È.c OPTIMIZE(8,SPEED) BROWSE DEBUG OBJECTEX
                    -TEND TABS(2)

line level    source

   1          /***************************************************************************
   2           µ—È√˚≥∆£∫ ’Û¡–LEDœ‘ æ µ—È
   3          
   4           µ—Èƒ£øÈ:  51µ•∆¨ª˙∫À–ƒ∞Â°¢æÿ’ÛLED«¯
   5          
   6           µ—ÈΩ”œﬂ£∫ 51µ•∆¨ª˙∫À–ƒ∞Â------æÿ’ÛLED«¯
   7                    P0 ------------ J16
   8                    P2 ------------ J17
   9                    P1 ------------ J14
  10                    P3 ------------ J15
  11                    
  12          œ÷œÛ√Ë ˆ£∫æÿ’ÛLED—≠ª∑œ‘ æ°∞ª∂”≠ π”√Õ®”√µ•∆¨ª˙ µ—È◊∞÷√°±
  13          
  14          ∏¸–¬ ±º‰£∫2017.10.17
  15          ***************************************************************************/
  16          //#include<reg52.h>
  17          //#define uint unsigned int 
  18          //#define uchar unsigned char
  19          
  20          //uint code Tab[][32] = {
  21          //  {0xFF,0xFC,0xFF,0xFC,0x80,0xFC,0x9F,0x80,0x1F,0x9E,0x49,0xCE,0x03,0xF9,0x87,0xF9,  
  22          //  0xE7,0xF9,0xC3,0xF0,0x93,0xF0,0x19,0xE6,0x7C,0xE6,0x3F,0xCF,0x9F,0x9F,0xCF,0x3F}, //  "ª∂" 1
  23          
  24          //  {0xFF,0xFF,0xF3,0xFC,0x27,0x82,0x27,0x93,0x3F,0x93,0x3F,0x93,0x20,0x93,0x27,0x93,  
  25          //  0x27,0x93,0x27,0x80,0x27,0xC2,0x27,0xF3,0xE7,0xF3,0xC3,0xF3,0x19,0x00,0xFF,0xFF}, //  "”≠" 2
  26          //  
  27          //  {0xE7,0xF9,0xE7,0xF9,0x07,0x00,0xF3,0xF9,0xF3,0xF9,0x11,0x80,0x91,0x99,0x90,0x99,       
  28          //  0x13,0x80,0xF3,0xF9,0x33,0xF9,0x73,0xF8,0xF3,0xFC,0x73,0xF8,0x33,0xE3,0x83,0x0F}, //  " π" 3
  29          //  
  30          //  {0xFF,0xFF,0x03,0xC0,0x73,0xCE,0x73,0xCE,0x73,0xCE,0x03,0xC0,0x73,0xCE,0x73,0xCE,  
  31          //  0x73,0xCE,0x03,0xC0,0x73,0xCE,0x73,0xCE,0x73,0xCE,0x79,0xCE,0x79,0xC2,0xFC,0xE7}, //  "”√" 4
  32          //  
  33          //  {0xFF,0xFF,0x19,0xC0,0xF3,0xE7,0x73,0xF0,0xFF,0xF9,0x1F,0x80,0x90,0x99,0x93,0x99,  
  34          //  0x13,0x80,0x93,0x99,0x93,0x99,0x13,0x80,0x93,0x99,0x93,0x81,0x81,0xCF,0x0C,0x00}, //  "Õ®" 5
  35          //  
  36          //  {0xFF,0xFF,0x03,0xC0,0x73,0xCE,0x73,0xCE,0x73,0xCE,0x03,0xC0,0x73,0xCE,0x73,0xCE,  
  37          //  0x73,0xCE,0x03,0xC0,0x73,0xCE,0x73,0xCE,0x73,0xCE,0x79,0xCE,0x79,0xC2,0xFC,0xE7}, //  "”√" 6
  38          //  
  39          //  {0xE7,0xE7,0xCF,0xF3,0x9F,0xF9,0x03,0xC0,0x73,0xCE,0x73,0xCE,0x03,0xC0,0x73,0xCE,  
  40          //  0x73,0xCE,0x03,0xC0,0x7F,0xFE,0x7F,0xFE,0x00,0x00,0x7F,0xFE,0x7F,0xFE,0x7F,0xFE}, //  "µ•" 7
  41          //  
  42          //  {0xFF,0xF9,0xE7,0xF9,0xE7,0xF9,0xE7,0xF9,0xE7,0xF9,0x07,0x80,0xE7,0xFF,0xE7,0xFF,     
  43          //  0xE7,0xFF,0x07,0xF0,0xE7,0xF3,0xE7,0xF3,0xE7,0xF3,0xF3,0xF3,0xF3,0xF3,0xF9,0xF3}, //  "∆¨" 8
  44          //  
  45          //  {0xE7,0xFF,0x67,0xE0,0x67,0xE6,0x67,0xE6,0x00,0xE6,0x67,0xE6,0x63,0xE6,0x43,0xE6,  
  46          //  0x01,0xE6,0x01,0xE6,0x64,0xE6,0x67,0x26,0x67,0x26,0x27,0x27,0x27,0x0F,0x87,0xFF}, //  "ª˙" 9
  47          //  
  48          //  {0x3F,0xFF,0x7F,0xFE,0x01,0x00,0xF9,0x3F,0xCC,0x9C,0x9F,0xFC,0x9F,0xFC,0xE7,0xFC,  
  49          //  0xCF,0xFC,0xCF,0xFC,0x00,0x00,0x7F,0xF8,0x3F,0xF3,0x9F,0xE7,0xC7,0xCF,0xF1,0x9F}, //  " µ" 10
  50          //  
  51          //  {0xFF,0xF3,0xC0,0xF3,0xCF,0xE1,0xC9,0xE1,0xC9,0xCC,0x49,0x9E,0x09,0x00,0x81,0xFF,  
  52          //  0x9F,0x99,0x9F,0x93,0x07,0x92,0x90,0xC0,0x99,0xCC,0x9F,0xE7,0x03,0x00,0xE7,0xFF}, //  "—È" 11
  53          
  54          //  {0xCF,0xF3,0xC9,0xF3,0x03,0x00,0xCF,0xF3,0xC7,0xF3,0xC3,0xF3,0x48,0x80,0x0F,0xFF,  
C51 COMPILER V9.54   ____LED________                                                       05/22/2024 19:58:48 PAGE 2   

  55          //  0x7F,0xFE,0x00,0x00,0x1F,0xFE,0x8F,0xCC,0x83,0xE1,0x18,0xE2,0x1F,0x0F,0x9F,0xFF}, //  "◊∞" 12
  56          //  
  57          //  {0x01,0x80,0x99,0x99,0x01,0x80,0x7F,0xFE,0x01,0x80,0x7F,0xFE,0x07,0xE0,0xE7,0xE7,  
  58          //  0x07,0xE0,0xE7,0xE7,0x07,0xE0,0xE7,0xE7,0x07,0xE0,0xE7,0xE7,0x00,0x00,0xFF,0xFF}  //  "÷√" 13
  59          //  
  60          //  };
  61          
  62          //void mDelay(uint Delay) //—” ±
  63          //{ uchar i;
  64          //  for(;Delay > 0;Delay--)
  65          //    for(i = 0;i < 110;i++);
  66          //}
  67          
  68          //void main()       //÷˜∫Ø ˝
  69          //{
  70          //  uchar i,j,a,b;
  71          //  uint k;
  72          //  while(1)
  73          //  { 
  74          //    for(i = 0;i < 13;i++)       //œ‘ æ13∏ˆ◊÷£®ª∂”≠ π”√Õ®”√µ•∆¨ª˙ µ—È◊∞÷√£©
  75          //    {
  76          //      for(k = 0;k < 100;k++)        //√ø“ª∏ˆ◊÷…®√Ëœ‘ æ100¥Œ
  77          //      {
  78          //        P1 = 0;             //…Ë÷√≥ı º÷µ
  79          //        P3 = 0;
  80          //        a = 1;
  81          //        b = 1;
  82          //        for(j = 0;j < 16;j++)     //…®√Ë16––µ„’Û
  83          //        {
  84          //          P0 = Tab[i][j*2];   //…®√Ë√ø“ª––µƒ«∞∞ÀŒª
  85          //          P2 = Tab[i][j*2+1];   //…®√Ë√ø“ª––µƒ∫Û∞ÀŒª
  86          //          
  87          //          if(j < 8)       //«∞∞À––…Ë÷√ƒƒ“ª––œ‘ æ
  88          //          {
  89          //            P1 = P1|a;      //µ±«∞œ‘ æµƒƒ«“ª––÷√∏ﬂ
  90          //            mDelay(1);
  91          //            P1 = P1&0;
  92          //            a *= 2;
  93          //          }
  94          //          else          //∫Û∞À––…Ë÷√ƒƒ“ª––œ‘ æ
  95          //          {
  96          //            P3 = P1|b;      //µ±«∞œ‘ æµƒƒ«“ª––÷√∏ﬂ
  97          //            mDelay(1);
  98          //            P3 = P3&0;
  99          //            b *= 2; 
 100          //          }
 101          //        }       
 102          //      }
 103          //    }
 104          //    }
 105          //}
 106          
 107          /***************************************************************************
 108          ????: ??LED????
 109          
 110          ????:  51?????????LED?
 111          
 112          ????: 51??????------??LED?
 113                    P0 ------------ J16
 114                    P2 ------------ J17
 115                    P1 ------------ J14
 116                    P3 ------------ J15
C51 COMPILER V9.54   ____LED________                                                       05/22/2024 19:58:48 PAGE 3   

 117                    
 118          ????:??LED????ì?????????????î
 119          
 120          ????:2017.10.17
 121          ***************************************************************************/
 122          #include<reg52.h>
 123          #define u16 unsigned int 
 124          #define u8 unsigned char
 125          
 126          u16 code Tab[][2] = {
 127          0xFF,0xFF,0xFF,0xFF,0xFF,0xFF,0xFF,0xFF,0xFF,0xFF,0xFF,0xFF,0xFF,0xFF,0xFF,0xFF,
 128            0xFF,0xFF,0xFF,0xFF,0xFF,0xFF,0xFF,0xFF,0xFF,0xFF,0xFF,0xFF,0xFF,0xFF,
 129           0xEF,0xFB,0xEF,0xFB,0x00,0x80,0xEF,0xFB,0xFF,0xFF,0x03,0xF0,0xFF,0xFB,0x9F,0xFD,
 130            0x7F,0xFE,0x00,0x80,0xBF,0xBE,0xDF,0xDE,0xEF,0xFE,0xF3,0xFE,0xBC,0xFE,0x7F,0xFF
 131          };
 132          
 133          void mDelay(u16 Delay)  //??
 134          { u8 i;
 135   1        for(;Delay > 0;Delay--)
 136   1          for(i = 0;i < 110;i++);
 137   1      }
 138          
 139          void main()       //???
 140          {
 141   1        u8 i,j,a,b;
 142   1        u16 k;
 143   1        while(1)
 144   1        { 
 145   2          for(i = 0;i <1*16;i++)        //??13??(?????????????)
 146   2          {
 147   3            for(k = 0;k < 100;k++)        //????????100?
 148   3            {
 149   4              P1 = 0;             //?????,?0~7
 150   4              P3 = 0;           //?8~15
 151   4              a = 1;
 152   4              b = 1;
 153   4              for(j = 0;j < 16;j++)     //??16???
 154   4              {
 155   5                P0 = Tab[i][j*2];   //?????????
 156   5                P2 = Tab[i][j*2+1];   //?????????
 157   5                
 158   5                if(j < 8)       //??????????
 159   5                {
 160   6                  P1 = P1|a;      //??????????
 161   6                  mDelay(1);
 162   6                  P1 = P1&0;
 163   6                  a *= 2;
 164   6                }
 165   5                else          //??????????
 166   5                {
 167   6                  P3 = P1|b;      //??????????
 168   6                  mDelay(1);
 169   6                  P3 = P3&0;
 170   6                  b *= 2; 
 171   6                }
 172   5              }       
 173   4            }
 174   3          }
 175   2         }
 176   1      }


C51 COMPILER V9.54   ____LED________                                                       05/22/2024 19:58:48 PAGE 4   

MODULE INFORMATION:   STATIC OVERLAYABLE
   CODE SIZE        =    186    ----
   CONSTANT SIZE    =    124    ----
   XDATA SIZE       =   ----    ----
   PDATA SIZE       =   ----    ----
   DATA SIZE        =   ----       5
   IDATA SIZE       =   ----    ----
   BIT SIZE         =   ----    ----
END OF MODULE INFORMATION.


C51 COMPILATION COMPLETE.  0 WARNING(S),  0 ERROR(S)
