C51 COMPILER V9.00   MAIN                                                                  12/11/2016 17:50:05 PAGE 1   


C51 COMPILER V9.00, COMPILATION OF MODULE MAIN
OBJECT MODULE PLACED IN main.OBJ
COMPILER INVOKED BY: C:\Keil\C51\BIN\C51.EXE main.c BROWSE DEBUG OBJECTEXTEND

line level    source

   1          /*********************************************************************************
   2          * 【编写时间】： 2016年12月2日
   3          * 【作    者】： 清翔电子:03
   4          * 【版    本】： 1.0
   5          * 【网    站】： http://www.qxmcu.com/ 
   6          * 【淘宝店铺】： http://qxmcu.taobao.com/ (直销店)
   7          * 【实验平台】： QX-MCS51 单片机开发板 & QX-A51智能小车
   8          * 【外部晶振】： 11.0592mhz     
   9          * 【主控芯片】： STC89C52
  10          * 【编译环境】： Keil μVisio4
  11          * ********************************【接线说明】********************************
  12                                                           以下"A_"表示智能小车底板~~~"B_"表示开发板     
  13          *开发板供电线  ：A_J5-VCC~~~B_VCC或5V0    A_J6-GND~~~B_GND （一共使用2根杜邦线）
  14          *电机控制线    ：A_J10-P1.2至P1.7 对应接到B_P1.2至P1.7 （一共使用6根杜邦线）
  15          *避障寻迹反馈线：A_J11-P3.2至P3.5 对应接到B_P3.2至P3.5 （一共使用4根杜邦线）
  16          ******************************************************************************
  17          * 【程序功能】：QX-A51智能小车程序可读性优化                                                                                
  18          * 【使用说明】：接线无误后，烧写程序打开电源开关小车全速前进-后退-右转-左转-高速左转
  19                                          -高速右转-停止                           
  20          * 【注意事项】：避免小车撞向障碍物或小车轮子堵转，小车电压不能低于6V
  21          **********************************************************************************/
  22          #include <reg52.h>
  23          #include <..\CONFIG\QXA51.h>
  24          
  25          void delay(unsigned int z)//毫秒级延时
  26          {
  27   1              unsigned int x,y;
  28   1              for(x = z; x > 0; x--)
  29   1                      for(y = 114; y > 0 ; y--);
  30   1      }       
  31          
  32          /*小车前进*/
  33          void forward()
  34          {
  35   1              left_motor_en; //左电机使能
  36   1              right_motor_en;//右电机使能
  37   1              left_motor_go; //左电机前进
  38   1              right_motor_go; //右电机前进
  39   1      }
  40          /*小车后退*/
  41          void backward()
  42          {
  43   1              left_motor_en; //左电机使能
  44   1              right_motor_en;//右电机使能
  45   1              left_motor_back; //左电机后退
  46   1              right_motor_back; //右电机后退  
  47   1      }
  48          /*小车左转*/
  49          void left()
  50          {
  51   1              left_motor_stops; //左电机停止
  52   1              right_motor_en;//右电机使能
  53   1              right_motor_go; //右电机前进    
  54   1      }
  55          /*小车右转*/
C51 COMPILER V9.00   MAIN                                                                  12/11/2016 17:50:05 PAGE 2   

  56          void right()
  57          {
  58   1              right_motor_stops;//右电机停止
  59   1              left_motor_en;    //左电机使能
  60   1              left_motor_go;    //左电机前进
  61   1      }
  62          
  63          /*小车停止*/
  64          void stop()
  65          {
  66   1              right_motor_stops;//右电机停止
  67   1              left_motor_stops; //左电机停止  
  68   1      }
  69          /*小车高速左转*/
  70          void left_rapidly()
  71          {
  72   1              left_motor_en; //左电机使能
  73   1              right_motor_en;//右电机使能
  74   1              right_motor_go;
  75   1              left_motor_back;        
  76   1      }
  77          /*小车高速右转*/
  78          void right_rapidly()
  79          {
  80   1              left_motor_en; //左电机使能
  81   1              right_motor_en;//右电机使能
  82   1              left_motor_go;
  83   1              right_motor_back;       
  84   1      }
  85          
  86          void main()
  87          {
  88   1              forward();//小车前进
  89   1              delay(3000);//毫秒级延时
  90   1      
  91   1              stop();//小车停止
  92   1              delay(3000);//毫秒级延时
  93   1      
  94   1              backward();//小车后退
  95   1              delay(3000);//毫秒级延时
  96   1      
  97   1              stop();//小车停止
  98   1              delay(3000);//毫秒级延时
  99   1      
 100   1              left(); // 小车左转
 101   1              delay(3000);//毫秒级延时
 102   1              
 103   1              stop();//小车停止
 104   1              delay(3000);//毫秒级延时
 105   1              
 106   1              right();// 小车右转
 107   1              delay(3000);//毫秒级延时
 108   1      
 109   1              stop();//小车停止
 110   1              delay(3000);//毫秒级延时
 111   1      
 112   1              left_rapidly();//小车高速左转
 113   1              delay(3000);//毫秒级延时
 114   1      
 115   1              stop();//小车停止
 116   1              delay(3000);//毫秒级延时
 117   1      
C51 COMPILER V9.00   MAIN                                                                  12/11/2016 17:50:05 PAGE 3   

 118   1              right_rapidly();//小车高速右转
 119   1              delay(3000);//毫秒级延时
 120   1              
 121   1              stop();//小车停止       
 122   1              while(1);       
 123   1      }


MODULE INFORMATION:   STATIC OVERLAYABLE
   CODE SIZE        =    160    ----
   CONSTANT SIZE    =   ----    ----
   XDATA SIZE       =   ----    ----
   PDATA SIZE       =   ----    ----
   DATA SIZE        =   ----    ----
   IDATA SIZE       =   ----    ----
   BIT SIZE         =   ----    ----
END OF MODULE INFORMATION.


C51 COMPILATION COMPLETE.  0 WARNING(S),  0 ERROR(S)
