C51 COMPILER V9.54   MAIN                                                                  07/10/2023 15:01:01 PAGE 1   


C51 COMPILER V9.54, COMPILATION OF MODULE MAIN
OBJECT MODULE PLACED IN .\Objects\main.obj
COMPILER INVOKED BY: D:\51project\Keil_v5\C51\BIN\C51.EXE main.c OPTIMIZE(8,SPEED) BROWSE INCDIR(..\user) DEBUG OBJECTEX
                    -TEND PRINT(.\Listings\main.lst) TABS(2) OBJECT(.\Objects\main.obj)

line level    source

   1          #include <REGX52.H>
   2          #include <INTRINS.H>
   3          #include"delay.h"
   4          unsigned char mod=0;
   5          void uart()
   6          {
   7   1        PCON |= 0x80;   //波特率倍速
   8   1        SCON = 0x40;    //8位数据,可变波特率,允许接收
   9   1        TMOD &= 0x0F;   //设置定时器模式
  10   1        TMOD |= 0x20;   //设置定时器模式
  11   1        TL1 = 0xF3;   //设置定时初始值
  12   1        TH1 = 0xF3;   //设置定时重载值
  13   1        ET1 = 0;    //禁止定时器ET1中断，开启中断接收会增大误差
  14   1        TR1 = 1;    //定时器1开始计时
  15   1      
  16   1      }
  17          void timer()
  18          {
  19   1        TMOD &= 0xF0;
  20   1        TMOD |= 0x01;
  21   1        
  22   1        TL0 = 0x18;
  23   1        TH0 = 0xFC;
  24   1        TF0 = 0;
  25   1        TR0 = 1;
  26   1        
  27   1        ET0 = 1;
  28   1        EA = 1;
  29   1        PT0  = 0; 
  30   1      }
  31          
  32          
  33          void sendbyte(unsigned char byte)
  34          {
  35   1        SBUF=byte;//SBUF数据接收器
  36   1        while(TI==0);//TI发送标志位，0为等待发送数据，1为发送完成
  37   1        TI=0;
  38   1      }
  39          
  40          int main ()
  41          { 
  42   1        P2=0xFE;
  43   1        timer();
  44   1      uart();
  45   1        while(1)
  46   1        {
  47   2          if(P3_1==0)
  48   2          {
  49   3            delayms(20);
  50   3            while(P3_1==0);
  51   3            delayms(20);
  52   3            mod++;
  53   3            mod%=2;
  54   3          }
C51 COMPILER V9.54   MAIN                                                                  07/10/2023 15:01:01 PAGE 2   

  55   2        }
  56   1      }
  57          
  58          void Timer0_Routine() interrupt 1
  59          { 
  60   1        static unsigned int Tcount;
  61   1        TL0 = 0x18;
  62   1        TH0 = 0xFC;
  63   1        
  64   1        Tcount++;
  65   1      
  66   1        if(Tcount>=500)//500ms
  67   1        { sendbyte(mod);
  68   2          Tcount=0;
  69   2        if(mod==0)
  70   2        {
  71   3          P2=_crol_(P2,1);
  72   3        }
  73   2        if(mod==1)
  74   2        {
  75   3        P2=_cror_(P2,1);
  76   3        }}
  77   1      }
  78          


MODULE INFORMATION:   STATIC OVERLAYABLE
   CODE SIZE        =    179    ----
   CONSTANT SIZE    =   ----    ----
   XDATA SIZE       =   ----    ----
   PDATA SIZE       =   ----    ----
   DATA SIZE        =      3    ----
   IDATA SIZE       =   ----    ----
   BIT SIZE         =   ----    ----
END OF MODULE INFORMATION.


C51 COMPILATION COMPLETE.  0 WARNING(S),  0 ERROR(S)
