C51 COMPILER V9.00   MAIN                                                                  07/23/2019 10:29:27 PAGE 1   


C51 COMPILER V9.00, COMPILATION OF MODULE MAIN
OBJECT MODULE PLACED IN main.OBJ
COMPILER INVOKED BY: C:\Keil\C51\BIN\C51.EXE main.c BROWSE DEBUG OBJECTEXTEND

line level    source

   1          /*
   2          * 【编写时间】： 2019年6月9日
   3          * 【作    者】： 清翔电子
   4          * 【版    本】： 1.0
   5          * 【网    站】： http://www.qxmbot.com/ 
   6          * 【淘宝店铺】： http://qxmcu.taobao.com/ (直销店)
   7          * 【实验平台】： QX-MCS51 单片机开发板 & QX-A51智能小车
   8          * 【外部晶振】： 11.0592mhz     
   9          * 【主控芯片】： STC89C52
  10          * 【编译环境】： Keil μVisio4
  11          * 【程序功能】： 舵机实验 舵机左右旋转
  12          * 【使用说明】：
  13          */
  14          #include <reg52.h> //51头文件
  15          #include <intrins.h>   //包含nop等系统函数
  16          sbit Servo = P2^7;//舵机接口
  17          /*按键定义*/
  18          sbit key_s2 = P3^0;
  19          sbit key_s3 = P3^1;
  20          sbit beep = P2^3;//蜂鸣器
  21          void delay(unsigned int z)//毫秒级延时
  22          {
  23   1              unsigned int x,y;
  24   1              for(x = z; x > 0; x--)
  25   1                      for(y = 114; y > 0 ; y--);
  26   1      }
  27          /*舵机方波延时朝向小车正前方*/
  28          void Delay1550us()              //@11.0592MHz
  29          {
  30   1              unsigned char i, j;
  31   1      
  32   1              i = 3;
  33   1              j = 196;
  34   1              do
  35   1              {
  36   2                      while (--j);
  37   2              } while (--i);
  38   1      }
  39          
  40          void Delay18450us()             //@11.0592MHz
  41          {
  42   1              unsigned char i, j;
  43   1      
  44   1              _nop_();
  45   1              i = 34;
  46   1              j = 16;
  47   1              do
  48   1              {
  49   2                      while (--j);
  50   2              } while (--i);
  51   1      }
  52          /*舵机方波延时向小车右方*/
  53          void Delay600us()               //@11.0592MHz
  54          {
  55   1              unsigned char i, j;
C51 COMPILER V9.00   MAIN                                                                  07/23/2019 10:29:27 PAGE 2   

  56   1      
  57   1              _nop_();
  58   1              i = 2;
  59   1              j = 15;
  60   1              do
  61   1              {
  62   2                      while (--j);
  63   2              } while (--i);
  64   1      }
  65          void Delay19400us()             //@11.0592MHz
  66          {
  67   1              unsigned char i, j;
  68   1      
  69   1              _nop_();
  70   1              i = 35;
  71   1              j = 197;
  72   1              do
  73   1              {
  74   2                      while (--j);
  75   2              } while (--i);
  76   1      }
  77          /*舵机方波延时朝向小车左方*/
  78          void Delay17500us()             //@11.0592MHz
  79          {
  80   1              unsigned char i, j;
  81   1      
  82   1              i = 32;
  83   1              j = 93;
  84   1              do
  85   1              {
  86   2                      while (--j);
  87   2              } while (--i);
  88   1      }
  89          void Delay2500us()              //@11.0592MHz
  90          {
  91   1              unsigned char i, j;
  92   1      
  93   1              i = 5;
  94   1              j = 120;
  95   1              do
  96   1              {
  97   2                      while (--j);
  98   2              } while (--i);
  99   1      }
 100          
 101          //初始化
 102          void Init()
 103          {
 104   1              Servo = 0;
 105   1              Servo = 1;
 106   1              Delay1550us();
 107   1              Servo = 0;
 108   1              Delay18450us();
 109   1              Servo = 1;
 110   1              delay(1000);
 111   1      }
 112          void keyscan()
 113          {
 114   1              for(;;) //死循环
 115   1              {
 116   2                      if(key_s2 == 0)// 实时检测S2按键是否被按下
 117   2                      {
C51 COMPILER V9.00   MAIN                                                                  07/23/2019 10:29:27 PAGE 3   

 118   3                              delay(5); //软件消抖
 119   3                              if(key_s2 == 0)//再检测S2是否被按下
 120   3                              {
 121   4                                      while(!key_s2);//松手检测
 122   4                                      beep = 0;       //使能有源蜂鸣器
 123   4                                      delay(200);//200毫秒延时
 124   4                                      beep = 1;       //关闭有源蜂鸣器
 125   4                                      break;          //退出FOR死循环
 126   4                              }
 127   3                      }
 128   2              }       
 129   1      }
 130          
 131          void main()
 132          {
 133   1              char i;
 134   1              Init();
 135   1              keyscan();
 136   1              while(1)
 137   1              {               
 138   2                      /*舵机0°*/
 139   2                      for(i=0;i<10;i++)
 140   2                      {       
 141   3                              Servo = 1;
 142   3                              Delay1550us();
 143   3                              Servo = 0;
 144   3                              Delay18450us();
 145   3                      }
 146   2                      delay(1000);
 147   2                      /*舵机-90°*/
 148   2                      for(i=0;i<10;i++)
 149   2                      {       
 150   3                              Servo = 1;
 151   3                              Delay2500us();
 152   3                              Servo = 0;
 153   3                              Delay17500us();
 154   3                      }
 155   2                      delay(1000);
 156   2                      /*舵机90°*/
 157   2                      for(i=0;i<10;i++)
 158   2                      {       
 159   3                              Servo = 1;
 160   3                              Delay600us();
 161   3                              Servo = 0;
 162   3                              Delay19400us();
 163   3                      }
 164   2                      delay(1000);            
 165   2              }
 166   1      }


MODULE INFORMATION:   STATIC OVERLAYABLE
   CODE SIZE        =    198    ----
   CONSTANT SIZE    =   ----    ----
   XDATA SIZE       =   ----    ----
   PDATA SIZE       =   ----    ----
   DATA SIZE        =   ----    ----
   IDATA SIZE       =   ----    ----
   BIT SIZE         =   ----    ----
END OF MODULE INFORMATION.


C51 COMPILATION COMPLETE.  0 WARNING(S),  0 ERROR(S)
