C51 COMPILER V9.60.0.0   MAIN                                                              06/29/2022 16:21:05 PAGE 1   


C51 COMPILER V9.60.0.0, COMPILATION OF MODULE MAIN
OBJECT MODULE PLACED IN main.OBJ
COMPILER INVOKED BY: D:\C51\C51\BIN\C51.EXE main.c OPTIMIZE(8,SPEED) BROWSE DEBUG OBJECTEXTEND TABS(2)

line level    source

   1          /*********************************************************************************
   2          * 【编写时间】： 2016年12月2日
   3          * 【作    者】： 清翔电子:03
   4          * 【版    本】： 1.0
   5          * 【网    站】： http://www.qxmcu.com/ 
   6          * 【淘宝店铺】： http://qxmcu.taobao.com/ (直销店)
   7          * 【实验平台】： QX-MCS51 单片机开发板 & QX-A51智能小车
   8          * 【外部晶振】： 11.0592mhz 
   9          * 【主控芯片】： STC89C52
  10          * 【编译环境】： Keil μVisio4
  11          * ********************************【接线说明】********************************
  12                                   以下"A_"表示智能小车底板~~~"B_"表示开发板     
  13          *开发板供电线  ：A_J5-VCC~~~B_VCC或5V0    A_J6-GND~~~B_GND （一共使用2根杜邦线）
  14          *电机控制线    ：A_J10-P1.2至P1.7 对应接到B_P1.2至P1.7 （一共使用6根杜邦线）
  15          *避障寻迹反馈线：A_J11-P3.2至P3.5 对应接到B_P3.2至P3.5 （一共使用4根杜邦线）
  16          ******************************************************************************
  17          * 【程序功能】：QX-A51智能小车执行全速前进                                      
  18          * 【使用说明】：接线无误后，烧写程序打开电源开关小车全速前进 
  19          * 【注意事项】：避免小车撞向障碍物或小车轮子堵转，小车电压不能低于6V
  20          **********************************************************************************/
  21          #include <reg52.h>//包含51头文件
  22          
  23          sbit IN1 = P1^2; //为1 左电机反转
  24          sbit IN2 = P1^3; //为1 左电机正转
  25          sbit IN3 = P1^6; //为1 右电机正转
  26          sbit IN4 = P1^7; //为1 右电机反转
  27          sbit EN1 = P1^4; //为1 左电机使能
  28          sbit EN2 = P1^5; //为1 右电机使能
  29          
  30          void main()
  31          {
  32   1        EN1 = 1;  //为1 左电机使能
  33   1        EN2 = 1;  //为1 右电机使能
  34   1        IN1 = 0;//为1 左电机反转
  35   1        IN2 = 1;//为1 左电机正转
  36   1        IN3 = 1;//为1 右电机正转
  37   1        IN4 = 0;//为1 右电机反转
  38   1        while(1); 
  39   1      }


MODULE INFORMATION:   STATIC OVERLAYABLE
   CODE SIZE        =     14    ----
   CONSTANT SIZE    =   ----    ----
   XDATA SIZE       =   ----    ----
   PDATA SIZE       =   ----    ----
   DATA SIZE        =   ----    ----
   IDATA SIZE       =   ----    ----
   BIT SIZE         =   ----    ----
END OF MODULE INFORMATION.


C51 COMPILATION COMPLETE.  0 WARNING(S),  0 ERROR(S)
