C51 COMPILER V9.54   MAIN                                                                  07/20/2023 21:58:22 PAGE 1   


C51 COMPILER V9.54, COMPILATION OF MODULE MAIN
OBJECT MODULE PLACED IN .\Objects\main.obj
COMPILER INVOKED BY: D:\51project\Keil_v5\C51\BIN\C51.EXE main.c OPTIMIZE(8,SPEED) BROWSE INCDIR(..\user) DEBUG OBJECTEX
                    -TEND PRINT(.\Listings\main.lst) TABS(2) OBJECT(.\Objects\main.obj)

line level    source

   1          #include <REGX52.H>
   2          #include"HEAD.h"
   3          #include"user.h"
   4          #include"delay.h"
   5          
   6          unsigned char pwmfl=180,pwmfg=180,pwmbl=180,pwmbg=180,basic1=180;
   7          unsigned char pwm_t=0;
   8          unsigned char compare=10,limit,keynum;
   9          
  10          int main ()
  11          {
  12   1        timer();    
  13   1        forward();
  14   1        while(1)
  15   1        {
  16   2        keynum=Keyreturn();
  17   2        if(keynum==1){basic1+=5;reward();}
  18   2        if(keynum==2){basic1-=5;reward();}  
  19   2        limit=red();
  20   2        if(left==0){tgf();while(left==0);reward();}
  21   2        if(right==0){tlf();while(right==0);reward();}
  22   2        if(clx){tgf();while(mlx);reward();}
  23   2        if(crx){tlf();while(mrx);reward();}
  24   2        if(mlx&&clx){tgf();while(mlx);reward();}
  25   2        if(mrx&&crx){tlf();while(mrx);reward();}
  26   2        }
  27   1      }
  28          void pwm() interrupt 1
  29          {
  30   1          static unsigned int T0;
  31   1          TL0 = 0xA4;   //设置定时初始值
  32   1          TH0 = 0xFF; 
  33   1          T0++;
  34   1          pwm_t++;
  35   1          if(limit>compare)
  36   1          {
  37   2            forward();
  38   2          }
  39   1          if(limit<compare)
  40   1          {
  41   2            stop();
  42   2          }
  43   1          if(T0>=200){T0=0;Key_Loop();} //20ms调用一次按键驱动函数
  44   1          if(pwm_t==255)  {pwm_t=efl=efg=ebl=ebg=0;}
  45   1          if(pwm_t==pwmfl){efl=1;}
  46   1          if(pwm_t==pwmfg){efg=1;}
  47   1          if(pwm_t==pwmbl){ebl=1;}
  48   1          if(pwm_t==pwmbg){ebg=1;}
  49   1      }


MODULE INFORMATION:   STATIC OVERLAYABLE
   CODE SIZE        =    280    ----
   CONSTANT SIZE    =   ----    ----
C51 COMPILER V9.54   MAIN                                                                  07/20/2023 21:58:22 PAGE 2   

   XDATA SIZE       =   ----    ----
   PDATA SIZE       =   ----    ----
   DATA SIZE        =     11    ----
   IDATA SIZE       =   ----    ----
   BIT SIZE         =   ----    ----
END OF MODULE INFORMATION.


C51 COMPILATION COMPLETE.  0 WARNING(S),  0 ERROR(S)
