C51 COMPILER V9.00   MAIN                                                                  12/13/2016 11:32:48 PAGE 1   


C51 COMPILER V9.00, COMPILATION OF MODULE MAIN
OBJECT MODULE PLACED IN main.OBJ
COMPILER INVOKED BY: C:\Keil\C51\BIN\C51.EXE main.c BROWSE DEBUG OBJECTEXTEND

line level    source

   1          /*********************************************************************************
   2          * 【编写时间】： 2016年12月2日
   3          * 【作    者】： 清翔电子:03
   4          * 【版    本】： 1.0
   5          * 【网    站】： http://www.qxmcu.com/ 
   6          * 【淘宝店铺】： http://qxmcu.taobao.com/ (直销店)
   7          * 【实验平台】： QX-MCS51 单片机开发板 & QX-A51智能小车
   8          * 【外部晶振】： 11.0592mhz     
   9          * 【主控芯片】： STC89C52
  10          * 【编译环境】： Keil μVisio4
  11          * ********************************【接线说明】********************************
  12                       以下"A_"表示智能小车底板~~~"B_"表示开发板     
  13          *开发板供电线  ：A_J5-VCC~~~B_VCC或5V0    A_J6-GND~~~B_GND （一共使用2根杜邦线）
  14          *电机控制线    ：A_J10-P1.2至P1.7 对应接到B_P1.2至P1.7 （一共使用6根杜邦线）
  15          *避障寻迹反馈线：A_J11-P3.2至P3.5 对应接到B_P3.2至P3.5 （一共使用4根杜邦线）
  16          ******************************************************************************
  17          * 【程序功能】：QX-A51智能小车按键启动_黑线寻迹（防出线）                                                                           
  18          * 【使用说明】：接线无误后，烧写程序打开电源开关、按下S2按键后蜂鸣器发出提示音1秒
  19                                          后启动小车黑线寻迹（防出线）
  20          * 【注意事项】：避免小车撞向障碍物或小车轮子堵转，小车电压不能低于6V
  21                                          1、不能在自然光强烈的条件下进行试验
  22                                          2、进行试验前必须调节好寻迹探头
  23                                          3、必须先搭建好实验环境（参考相关视频教程）
  24                                          4、此程序只做参考，实际运行效果需根据不同实验场地进行不同调试
  25          **********************************************************************************/
  26          #include <reg52.h> //51头文件
  27          #include <..\CONFIG\QXA51.h>//QX-A51智能小车配置文件
  28          unsigned char pwm_left_val = 150;//左电机占空比值 取值范围0-170，0最快
  29          unsigned char pwm_right_val = 150;//右电机占空比值取值范围0-170 ,0最快
  30          unsigned char pwm_t;//周期
  31          
  32          void delay(unsigned int z)//毫秒级延时
  33          {
  34   1              unsigned int x,y;
  35   1              for(x = z; x > 0; x--)
  36   1                      for(y = 114; y > 0 ; y--);
  37   1      }       
  38          /*小车前进*/
  39          void forward()
  40          {
  41   1              left_motor_go; //左电机前进
  42   1              right_motor_go; //右电机前进
  43   1      }
  44          /*小车左转*/
  45          void left_run()
  46          {
  47   1              left_motor_stops; //左电机停止
  48   1              right_motor_go; //右电机前进    
  49   1      }
  50          /*小车右转*/
  51          void right_run()
  52          {
  53   1              right_motor_stops;//右电机停止
  54   1              left_motor_go;    //左电机前进
  55   1      }
C51 COMPILER V9.00   MAIN                                                                  12/13/2016 11:32:48 PAGE 2   

  56          /*小车后退*/
  57          void backward()
  58          {
  59   1              left_motor_back; //左电机后退
  60   1              right_motor_back; //右电机后退  
  61   1      }
  62          
  63          //定时器0中断
  64          void timer0() interrupt 1
  65          {
  66   1              pwm_t++;//周期计时加
  67   1              if(pwm_t == 255)
  68   1                      pwm_t = EN1 = EN2 = 0;
  69   1              if(pwm_left_val == pwm_t)//左电机占空比 
  70   1                      EN1 = 1;                
  71   1              if(pwm_right_val == pwm_t)//右电机占空比
  72   1                      EN2 = 1;                         
  73   1      }
  74          void main()
  75          {
  76   1              for(;;) //死循环
  77   1              {
  78   2                      if(key_s2 == 0)// 实时检测S2按键是否被按下
  79   2                      {
  80   3                              delay(5); //软件消抖
  81   3                              if(key_s2 == 0)//再检测S2是否被按下
  82   3                              {
  83   4                                      while(!key_s2);//松手检测
  84   4                                      beep = 0;       //使能有源蜂鸣器
  85   4                                      delay(200);//200毫秒延时
  86   4                                      beep = 1;       //关闭有源蜂鸣器
  87   4                                      break;          //退出FOR死循环
  88   4                              }
  89   3                      }
  90   2              }
  91   1              delay(1000);//延时1秒
  92   1              TMOD |= 0x02;//8位自动重装模块
  93   1              TH0 = 220;
  94   1              TL0 = 220;//11.0592M晶振下占空比最大比值是256,输出100HZ
  95   1              TR0 = 1;//启动定时器0
  96   1              ET0 = 1;//允许定时器0中断
  97   1              EA      = 1;//总中断允许
  98   1              while(1)
  99   1              {
 100   2                      //为0 没有识别到黑线 为1识别到黑线
 101   2                      if(left_led1 == 1 && right_led1 == 1)//左右寻迹探头识别到黑线
 102   2                      {
 103   3                              forward();//前进
 104   3                      }
 105   2                      else
 106   2                      {
 107   3                              if(left_led1 == 1 && right_led1 == 0)//小车右边出线，左转修正
 108   3                              {
 109   4                                      left_run();//左转
 110   4                              }
 111   3                              if(left_led1 == 0 && right_led1 == 1)//小车左边出线，右转修正
 112   3                              {
 113   4                                      right_run();//右转
 114   4                              }
 115   3                              if(left_led1 == 0 && right_led1 == 0)//左右寻迹探头都没识别到黑线
 116   3                              {
 117   4                                      backward();//后退
C51 COMPILER V9.00   MAIN                                                                  12/13/2016 11:32:48 PAGE 3   

 118   4                              }               
 119   3                      }               
 120   2              }
 121   1      }


MODULE INFORMATION:   STATIC OVERLAYABLE
   CODE SIZE        =    192    ----
   CONSTANT SIZE    =   ----    ----
   XDATA SIZE       =   ----    ----
   PDATA SIZE       =   ----    ----
   DATA SIZE        =      3    ----
   IDATA SIZE       =   ----    ----
   BIT SIZE         =   ----    ----
END OF MODULE INFORMATION.


C51 COMPILATION COMPLETE.  0 WARNING(S),  0 ERROR(S)
