C51 COMPILER V9.00   MAIN                                                                  12/11/2016 18:02:18 PAGE 1   


C51 COMPILER V9.00, COMPILATION OF MODULE MAIN
OBJECT MODULE PLACED IN main.OBJ
COMPILER INVOKED BY: C:\Keil\C51\BIN\C51.EXE main.c BROWSE DEBUG OBJECTEXTEND

line level    source

   1          /*********************************************************************************
   2          * 【编写时间】： 2016年12月2日
   3          * 【作    者】： 清翔电子:03
   4          * 【版    本】： 1.0
   5          * 【网    站】： http://www.qxmcu.com/ 
   6          * 【淘宝店铺】： http://qxmcu.taobao.com/ (直销店)
   7          * 【实验平台】： QX-MCS51 单片机开发板 & QX-A51智能小车
   8          * 【外部晶振】： 11.0592mhz     
   9          * 【主控芯片】： STC89C52
  10          * 【编译环境】： Keil μVisio4
  11          * ********************************【接线说明】********************************
  12                       以下"A_"表示智能小车底板~~~"B_"表示开发板     
  13          *开发板供电线  ：A_J5-VCC~~~B_VCC或5V0    A_J6-GND~~~B_GND （一共使用2根杜邦线）
  14          *电机控制线    ：A_J10-P1.2至P1.7 对应接到B_P1.2至P1.7 （一共使用6根杜邦线）
  15          *避障寻迹反馈线：A_J11-P3.2至P3.5 对应接到B_P3.2至P3.5 （一共使用4根杜邦线）
  16          ******************************************************************************
  17          * 【程序功能】：QX-A51智能小车黑线寻迹（基础版）                                                                            
  18          * 【使用说明】：接线无误后，烧写程序打开电源开关小车自动寻迹
  19          * 【注意事项】：避免小车撞向障碍物或小车轮子堵转，小车电压不能低于6V
  20                                          1、不能在自然光强烈的条件下进行试验
  21                                          2、进行试验前必须调节好寻迹探头
  22                                          3、必须先搭建好实验环境（参考相关视频教程）
  23                                          4、此程序只做参考，实际运行效果需根据不同实验场地进行不同调试
  24          **********************************************************************************/
  25          #include <reg52.h>//51头文件
  26          #include <..\CONFIG\QXA51.h>//QX-A51智能小车配置文件
  27          unsigned char pwm_left_val = 170;//左电机占空比值 取值范围0-170，0最快
  28          unsigned char pwm_right_val = 170;//右电机占空比值取值范围0-170 ,0最快
  29          unsigned char pwm_t;//周期
  30          /*小车前进*/
  31          void forward()
  32          {
  33   1              left_motor_go; //左电机前进
  34   1              right_motor_go; //右电机前进
  35   1      }
  36          /*小车左转*/
  37          void left_run()
  38          {
  39   1              left_motor_stops; //左电机停止
  40   1              right_motor_go; //右电机前进    
  41   1      }
  42          /*小车右转*/
  43          void right_run()
  44          {
  45   1              right_motor_stops;//右电机停止
  46   1              left_motor_go;    //左电机前进
  47   1      }
  48          
  49          
  50          //定时器0中断
  51          void timer0() interrupt 1
  52          {
  53   1              pwm_t++;//周期计时加
  54   1              if(pwm_t == 255)
  55   1                      pwm_t = EN1 = EN2 = 0;
C51 COMPILER V9.00   MAIN                                                                  12/11/2016 18:02:18 PAGE 2   

  56   1              if(pwm_left_val == pwm_t)//左电机占空比 
  57   1                      EN1 = 1;                
  58   1              if(pwm_right_val == pwm_t)//右电机占空比
  59   1                      EN2 = 1;                         
  60   1      }
  61          void main()
  62          {
  63   1              TMOD |= 0x02;//8位自动重装模块
  64   1              TH0 = 220;
  65   1              TL0 = 220;//11.0592M晶振下占空比最大比值是256,输出100HZ
  66   1              TR0 = 1;//启动定时器0
  67   1              ET0 = 1;//允许定时器0中断
  68   1              EA      = 1;//总中断允许
  69   1              while(1)
  70   1              {
  71   2                      //为0 没有识别到黑线 为1识别到黑线
  72   2                      if(left_led1 == 1 && right_led1 == 1)//左右寻迹探头识别到黑线
  73   2                      {
  74   3                              forward();//前进
  75   3                      }
  76   2                      else
  77   2                      {
  78   3                              if(left_led1 == 1 && right_led1 == 0)//小车右边出线，左转修正
  79   3                              {
  80   4                                      left_run();//左转
  81   4                              }
  82   3                              if(left_led1 == 0 && right_led1 == 1)//小车左边出线，右转修正
  83   3                              {
  84   4                                      right_run();//右转
  85   4                              }               
  86   3                      }               
  87   2              }
  88   1      }


MODULE INFORMATION:   STATIC OVERLAYABLE
   CODE SIZE        =    106    ----
   CONSTANT SIZE    =   ----    ----
   XDATA SIZE       =   ----    ----
   PDATA SIZE       =   ----    ----
   DATA SIZE        =      3    ----
   IDATA SIZE       =   ----    ----
   BIT SIZE         =   ----    ----
END OF MODULE INFORMATION.


C51 COMPILATION COMPLETE.  0 WARNING(S),  0 ERROR(S)
