C51 COMPILER V9.54   MAIN                                                                  05/17/2024 16:05:32 PAGE 1   


C51 COMPILER V9.54, COMPILATION OF MODULE MAIN
OBJECT MODULE PLACED IN main.OBJ
COMPILER INVOKED BY: D:\keil5MDK2.0\C51\BIN\C51.EXE main.c OPTIMIZE(8,SPEED) BROWSE DEBUG OBJECTEXTEND TABS(2)

line level    source

   1          #include <reg52.h>
   2          #include <intrins.h>
   3          void Delay100ms()        //@12.000MHz
   4          {
   5   1          unsigned char data i, j, k;
   6   1      
   7   1          _nop_();
   8   1          _nop_();
   9   1          i = 5;
  10   1          j = 144;
  11   1          k = 71;
  12   1          do
  13   1          {
  14   2              do
  15   2              {
  16   3                  while (--k);
  17   3              } while (--j);
  18   2          } while (--i);
  19   1      }
  20          
  21          void main()
  22          {
  23   1          P1=0xff;
  24   1          while(1)
  25   1          {
  26   2              int i=0;
  27   2              for(i=0;i<8;i++){
  28   3                  P1=~(0x01<<i);
  29   3                  Delay100ms();
  30   3              }
  31   2              for(;i>0;i--){
  32   3                  P1=~(0x01<<i);
  33   3                  Delay100ms();
  34   3              }
  35   2      }
  36   1          }


MODULE INFORMATION:   STATIC OVERLAYABLE
   CODE SIZE        =    107    ----
   CONSTANT SIZE    =   ----    ----
   XDATA SIZE       =   ----    ----
   PDATA SIZE       =   ----    ----
   DATA SIZE        =   ----       2
   IDATA SIZE       =   ----    ----
   BIT SIZE         =   ----    ----
END OF MODULE INFORMATION.


C51 COMPILATION COMPLETE.  0 WARNING(S),  0 ERROR(S)
