C51 COMPILER V9.54   MAIN                                                                  07/18/2023 14:06:53 PAGE 1   


C51 COMPILER V9.54, COMPILATION OF MODULE MAIN
OBJECT MODULE PLACED IN .\Objects\main.obj
COMPILER INVOKED BY: D:\51project\Keil_v5\C51\BIN\C51.EXE main.c OPTIMIZE(8,SPEED) BROWSE INCDIR(..\user;..\LCD1602Çý¶¯´
                    -úÂë;..\..\³ÌÐòÔ´Âë\KeilProject\12-1 AT24C02Êý¾Ý´æ´¢) DEBUG OBJECTEXTEND PRINT(.\Listings\main.lst) TABS(2) OBJECT(.\Obje
                    -cts\main.obj)

line level    source

   1          #include <REGX52.H>
   2          #include"delay.h"
   3          #include"Key.h"
   4          #include"LCD1602.h"
   5          
   6          int main()
   7          {
   8   1        
   9   1      }
*** WARNING C290 IN LINE 9 OF main.c: missing return value


MODULE INFORMATION:   STATIC OVERLAYABLE
   CODE SIZE        =      1    ----
   CONSTANT SIZE    =   ----    ----
   XDATA SIZE       =   ----    ----
   PDATA SIZE       =   ----    ----
   DATA SIZE        =   ----    ----
   IDATA SIZE       =   ----    ----
   BIT SIZE         =   ----    ----
END OF MODULE INFORMATION.


C51 COMPILATION COMPLETE.  1 WARNING(S),  0 ERROR(S)
