C51 COMPILER V9.00   DELAY                                                                 07/23/2019 18:55:21 PAGE 1   


C51 COMPILER V9.00, COMPILATION OF MODULE DELAY
OBJECT MODULE PLACED IN ..\output\Delay.obj
COMPILER INVOKED BY: C:\Keil\C51\BIN\C51.EXE ..\source\Delay.c BROWSE DEBUG OBJECTEXTEND PRINT(.\Delay.lst) OBJECT(..\ou
                    -tput\Delay.obj)

line level    source

   1          #include "config.h"
   2          #include "Delay.h"
   3          
   4          /*====================================
   5          函数名  ：Delay1ms(INT16U ms)
   6          参数    ：ms，毫秒延时形参
   7          返回值  ：无
   8          描述    ：12T 51单片机自适应主时钟毫秒级延时函数
   9          ====================================*/
  10          void Delay1ms(uint ms)
  11          {
  12   1           uint i;
  13   1               do{
  14   2                    i = MAIN_Fosc / 96000; 
  15   2                        while(--i);   //96T per loop
  16   2           }while(--ms);
  17   1      }
  18          /*超声波触发延时*/
  19          void Delay15us()                //@11.0592MHz
  20          {
  21   1              unsigned char i;
  22   1      
  23   1              i = 4;
  24   1              while (--i);
  25   1      }
  26          
  27          
  28          /*舵机方波延时朝向小车正前方*/
  29          void Delay1550us()              //@11.0592MHz
  30          {
  31   1              unsigned char i, j;
  32   1      
  33   1              i = 3;
  34   1              j = 196;
  35   1              do
  36   1              {
  37   2                      while (--j);
  38   2              } while (--i);
  39   1      }
  40          
  41          void Delay18450us()             //@11.0592MHz
  42          {
  43   1              unsigned char i, j;
  44   1      
  45   1              _nop_();
  46   1              i = 34;
  47   1              j = 16;
  48   1              do
  49   1              {
  50   2                      while (--j);
  51   2              } while (--i);
  52   1      }
  53          /*舵机方波延时向小车右方*/
  54          void Delay600us()               //@11.0592MHz
C51 COMPILER V9.00   DELAY                                                                 07/23/2019 18:55:21 PAGE 2   

  55          {
  56   1              unsigned char i, j;
  57   1      
  58   1              _nop_();
  59   1              i = 2;
  60   1              j = 15;
  61   1              do
  62   1              {
  63   2                      while (--j);
  64   2              } while (--i);
  65   1      }
  66          void Delay19400us()             //@11.0592MHz
  67          {
  68   1              unsigned char i, j;
  69   1      
  70   1              _nop_();
  71   1              i = 35;
  72   1              j = 197;
  73   1              do
  74   1              {
  75   2                      while (--j);
  76   2              } while (--i);
  77   1      }
  78          /*舵机方波延时朝向小车左方*/
  79          void Delay17500us()             //@11.0592MHz
  80          {
  81   1              unsigned char i, j;
  82   1      
  83   1              i = 32;
  84   1              j = 93;
  85   1              do
  86   1              {
  87   2                      while (--j);
  88   2              } while (--i);
  89   1      }
  90          void Delay2500us()              //@11.0592MHz
  91          {
  92   1              unsigned char i, j;
  93   1      
  94   1              i = 5;
  95   1              j = 120;
  96   1              do
  97   1              {
  98   2                      while (--j);
  99   2              } while (--i);
 100   1      }


MODULE INFORMATION:   STATIC OVERLAYABLE
   CODE SIZE        =     85    ----
   CONSTANT SIZE    =   ----    ----
   XDATA SIZE       =   ----    ----
   PDATA SIZE       =   ----    ----
   DATA SIZE        =   ----    ----
   IDATA SIZE       =   ----    ----
   BIT SIZE         =   ----    ----
END OF MODULE INFORMATION.


C51 COMPILATION COMPLETE.  0 WARNING(S),  0 ERROR(S)
