C51 COMPILER V9.00   MAIN                                                                  07/26/2019 09:52:43 PAGE 1   


C51 COMPILER V9.00, COMPILATION OF MODULE MAIN
OBJECT MODULE PLACED IN main.OBJ
COMPILER INVOKED BY: C:\Keil\C51\BIN\C51.EXE main.c BROWSE DEBUG OBJECTEXTEND

line level    source

   1          /*********************************************************************************
   2          * 【编写时间】： 2016年12月2日
   3          * 【作    者】： 清翔电子:03
   4          * 【版    本】： 1.0
   5          * 【网    站】： http://www.qxmcu.com/ 
   6          * 【淘宝店铺】： http://qxmcu.taobao.com/ (直销店)
   7          * 【实验平台】： QX-MCS51 单片机开发板 & QX-A51智能小车
   8          * 【外部晶振】： 11.0592mhz     
   9          * 【主控芯片】： STC89C52
  10          * 【编译环境】： Keil μVisio4
  11          * ********************************【接线说明】********************************
  12                       以下"A_"表示智能小车底板~~~"B_"表示开发板 
  13                          *********        需要插上超声波模块  *********  
  14          *开发板供电线  ：A_J5-VCC~~~B_VCC或5V0    A_J6-GND~~~B_GND （一共使用2根杜邦线）
  15          *电机控制线    ：A_J10-P1.2至P1.7 对应接到B_P1.2至P1.7 （一共使用6根杜邦线）
  16          *避障寻迹反馈线：A_J11-P3.2至P3.5 对应接到B_P3.2至P3.5 （一共使用4根杜邦线）
  17          *超声波信号线：A_J2-P2.0  对应接到B_P20，A_J2-P2.1  对应接到B_P21 （一共使用2根杜邦线）
  18          ******************************************************************************
  19          * 【程序功能】：QX-A51智能小车红外避障（跟随障碍物带停止功能）                                                                      
  20          * 【使用说明】：接线无误后，烧写程序打开电源开、按下S2按键后蜂鸣器发出提示音1秒后启动小车
  21          * 【注意事项】：避免小车撞向障碍物或小车轮子堵转，小车电压不能低于6V
  22                                          当跟随的物体距离超声波5cm时，小车会停止
  23                                          1、不能在自然光强烈的条件下进行试验
  24                                          2、进行试验前必须调节好避障探头
  25                                          3、必须先搭建好实验环境（参考相关视频教程）
  26                                          4、此程序只做参考，实际运行效果需根据不同实验场地进行不同调试
  27          **********************************************************************************/
  28          #include <reg52.h> //51头文件
  29          #include <..\CONFIG\QXA51.h>//QX-A51智能小车配置文件
  30          #include <intrins.h>   //包含nop等系统函数
  31          unsigned char pwm_left_val = 100;//左电机占空比值 取值范围0-170，0最快
  32          unsigned char pwm_right_val = 100;//右电机占空比值取值范围0-170 ,0最快
  33          unsigned char pwm_t;//周期
  34          
  35          unsigned int  time = 0;//传输时间
  36          unsigned long S = 0;//距离
  37          bit      flag = 0;//超出测量范围标志位
  38          
  39          sbit RX = P2^0;//ECHO超声波模块回响端
  40          sbit TX = P2^1;//TRIG超声波模块触发端
  41          
  42          
  43          void delay(unsigned int z)//毫秒级延时
  44          {
  45   1              unsigned int x,y;
  46   1              for(x = z; x > 0; x--)
  47   1                      for(y = 114; y > 0 ; y--);
  48   1      }       
  49          
  50          void Delay10us(unsigned char i)         //10us延时函数 启动超声波模块时使用
  51          { 
  52   1         unsigned char j; 
  53   1              do{ 
  54   2                      j = 10; 
  55   2                      do{ 
C51 COMPILER V9.00   MAIN                                                                  07/26/2019 09:52:43 PAGE 2   

  56   3                              _nop_(); 
  57   3                      }while(--j); 
  58   2              }while(--i); 
  59   1      }
  60          
  61          /*小车前进*/
  62          void forward()
  63          {
  64   1              left_motor_go; //左电机前进
  65   1              right_motor_go; //右电机前进
  66   1      }
  67          /*小车左转*/
  68          void left_run()
  69          {
  70   1              left_motor_stops; //左电机停止
  71   1              right_motor_go; //右电机前进    
  72   1      }
  73          /*小车右转*/
  74          void right_run()
  75          {
  76   1              right_motor_stops;//右电机停止
  77   1              left_motor_go;    //左电机前进
  78   1      }
  79          /*小车停止*/
  80          void stop()
  81          {
  82   1              right_motor_stops;//右电机停止
  83   1              left_motor_stops; //左电机停止  
  84   1      }
  85          
  86          /*定时器1中断输出PWM信号*/
  87          void timer1() interrupt 3
  88          {
  89   1              pwm_t++;//周期计时加
  90   1              if(pwm_t == 255)
  91   1                      pwm_t = EN1 = EN2 = 0;
  92   1              if(pwm_left_val == pwm_t)//左电机占空比 
  93   1                      EN1 = 1;                
  94   1              if(pwm_right_val == pwm_t)//右电机占空比
  95   1                      EN2 = 1;                         
  96   1      }
  97          /*定时器0中断*/
  98          void timer0() interrupt 1       //T0中断用来计数器溢出,超过测距范围
  99          {
 100   1              flag=1;                                                  //中断溢出标志                  
 101   1      }
 102          void  StartModule()                      //启动超声波模块
 103          {
 104   1                TX=1;                                      //启动一次模块
 105   1            Delay10us(2);
 106   1                TX=0;
 107   1      }
 108          
 109          /*计算超声波所测距离并显示*/
 110          void Conut()
 111          {
 112   1              time=TH0*256+TL0;
 113   1              TH0=0;
 114   1              TL0=0;
 115   1              
 116   1              S=(float)(time*1.085)*0.17;     //算出来是MM
 117   1              if((S>=7000)||flag==1) //超出测量范围
C51 COMPILER V9.00   MAIN                                                                  07/26/2019 09:52:43 PAGE 3   

 118   1              {        
 119   2                      flag=0;
 120   2      
 121   2              }
 122   1      }
 123          
 124          
 125          void Follow()//物体跟随
 126          {
 127   1              //为0 识别障碍物 为1没有识别到障碍物
 128   1              if(left_led2 == 0 && right_led2 == 0)//左右识别到障碍物，前进跟随
 129   1              {
 130   2                      forward();//前进
 131   2              }
 132   1              if(left_led2 == 1 && right_led2 == 0)//小车右侧识别到障碍物，右转跟随
 133   1              {
 134   2                      right_run();//右转
 135   2              }
 136   1              if(left_led2 == 0 && right_led2 == 1)//小车左侧识别到障碍物，左转跟随
 137   1              {
 138   2                      left_run();//左转
 139   2              }       
 140   1      }
 141          
 142          /*超声波避障*/
 143          void    Avoid()
 144          {
 145   1              if(S < 40)//设置避障距离（单位毫米）
 146   1              {
 147   2                      beep = 0;//使能蜂鸣器
 148   2                      stop();//停车
 149   2                      delay(100);//停车时间
 150   2                      do{
 151   3                              stop();  //停车
 152   3                              delay(100);//停车时间
 153   3      
 154   3                               StartModule(); //启动模块测距
 155   3                               while(!RX);            //当RX（ECHO信号回响）为零时等待
 156   3                               TR0=1;                     //开启计数
 157   3                               while(RX);                     //当RX为1计数并等待
 158   3                               TR0=0;                         //关闭计数
 159   3                           Conut();                   //计算距离
 160   3                              }while(S < 40); //
 161   2                      beep = 1;//关闭蜂鸣器
 162   2              }
 163   1      }
 164          
 165          void main()
 166          {
 167   1              unsigned int i;
 168   1              for(;;) //死循环
 169   1              {
 170   2                      if(key_s2 == 0)// 实时检测S2按键是否被按下
 171   2                      {
 172   3                              delay(5); //软件消抖
 173   3                              if(key_s2 == 0)//再检测S2是否被按下
 174   3                              {
 175   4                                      while(!key_s2);//松手检测
 176   4                                      beep = 0;       //使能有源蜂鸣器
 177   4                                      delay(200);//200毫秒延时
 178   4                                      beep = 1;       //关闭有源蜂鸣器
 179   4                                      break;          //退出FOR死循环
C51 COMPILER V9.00   MAIN                                                                  07/26/2019 09:52:43 PAGE 4   

 180   4                              }
 181   3                      }
 182   2              }
 183   1              delay(1000);//延时1秒
 184   1              TMOD |= 0x20;//定时器1工作模式2,8位自动重装。用于产生PWM
 185   1              TMOD |= 0x01;//定时器0工作模块1,16位定时模式。T0用测ECH0脉冲长度
 186   1              TH1 = 220; //
 187   1              TL1 = 220; //100HZ T1
 188   1              TH0     = 0;
 189   1          TL0 = 0;//T0,16位定时计数用于记录ECHO高电平时间         
 190   1          ET1 = 1;//允许T1中断
 191   1              ET0 = 1;//允许T0中断
 192   1              TR1 = 1;//启动定时器1
 193   1              EA  = 1;//启动总中断
 194   1              while(1)
 195   1              {
 196   2                       StartModule(); //启动模块测距
 197   2                       while(!RX);            //当RX（ECHO信号回响）为零时等待
 198   2                       TR0=1;                     //开启计数
 199   2                       while(RX);                     //当RX为1计数并等待
 200   2                       TR0=0;                         //关闭计数
 201   2                   Conut();                   //计算距离
 202   2                       Avoid();                       //避障
 203   2                       for(i=0; i<1800; i++)  //超声波每次测距间隔不低于65ms
 204   2                              Follow();//物体跟随                             
 205   2              }
 206   1      }


MODULE INFORMATION:   STATIC OVERLAYABLE
   CODE SIZE        =    410    ----
   CONSTANT SIZE    =   ----    ----
   XDATA SIZE       =   ----    ----
   PDATA SIZE       =   ----    ----
   DATA SIZE        =      9       2
   IDATA SIZE       =   ----    ----
   BIT SIZE         =      1    ----
END OF MODULE INFORMATION.


C51 COMPILATION COMPLETE.  0 WARNING(S),  0 ERROR(S)
