C51 COMPILER V9.00   MAIN                                                                  12/13/2016 11:33:12 PAGE 1   


C51 COMPILER V9.00, COMPILATION OF MODULE MAIN
OBJECT MODULE PLACED IN main.OBJ
COMPILER INVOKED BY: C:\Keil\C51\BIN\C51.EXE main.c BROWSE DEBUG OBJECTEXTEND

line level    source

   1          /*********************************************************************************
   2          * 【编写时间】： 2016年12月2日
   3          * 【作    者】： 清翔电子:03
   4          * 【版    本】： 1.0
   5          * 【网    站】： http://www.qxmcu.com/ 
   6          * 【淘宝店铺】： http://qxmcu.taobao.com/ (直销店)
   7          * 【实验平台】： QX-MCS51 单片机开发板 & QX-A51智能小车
   8          * 【外部晶振】： 11.0592mhz     
   9          * 【主控芯片】： STC89C52
  10          * 【编译环境】： Keil μVisio4
  11          * ********************************【接线说明】********************************
  12                       以下"A_"表示智能小车底板~~~"B_"表示开发板     
  13          *开发板供电线  ：A_J5-VCC~~~B_VCC或5V0    A_J6-GND~~~B_GND （一共使用2根杜邦线）
  14          *电机控制线    ：A_J10-P1.2至P1.7 对应接到B_P1.2至P1.7 （一共使用6根杜邦线）
  15          *避障寻迹反馈线：A_J11-P3.2至P3.5 对应接到B_P3.2至P3.5 （一共使用4根杜邦线）
  16          ******************************************************************************
  17          * 【程序功能】：QX-A51智能小车红外避障（基础版）                                                                            
  18          * 【使用说明】：接线无误后，烧写程序打开电源开、按下S2按键后蜂鸣器发出提示音1秒后启动小车
  19          * 【注意事项】：避免小车撞向障碍物或小车轮子堵转，小车电压不能低于6V
  20                                          1、不能在自然光强烈的条件下进行试验
  21                                          2、进行试验前必须调节好避障探头
  22                                          3、必须先搭建好实验环境（参考相关视频教程）
  23                                          4、此程序只做参考，实际运行效果需根据不同实验场地进行不同调试
  24          **********************************************************************************/
  25          #include <reg52.h> //51头文件
  26          #include <..\CONFIG\QXA51.h>//QX-A51智能小车配置文件
  27          unsigned char pwm_left_val = 100;//左电机占空比值 取值范围0-170，0最快
  28          unsigned char pwm_right_val = 100;//右电机占空比值取值范围0-170 ,0最快
  29          unsigned char pwm_t;//周期
  30          
  31          void delay(unsigned int z)//毫秒级延时
  32          {
  33   1              unsigned int x,y;
  34   1              for(x = z; x > 0; x--)
  35   1                      for(y = 114; y > 0 ; y--);
  36   1      }       
  37          /*小车前进*/
  38          void forward()
  39          {
  40   1              left_motor_go; //左电机前进
  41   1              right_motor_go; //右电机前进
  42   1      }
  43          /*小车左转*/
  44          void left_run()
  45          {
  46   1              left_motor_stops; //左电机停止
  47   1              right_motor_go; //右电机前进    
  48   1      }
  49          /*小车右转*/
  50          void right_run()
  51          {
  52   1              right_motor_stops;//右电机停止
  53   1              left_motor_go;    //左电机前进
  54   1      }
  55          
C51 COMPILER V9.00   MAIN                                                                  12/13/2016 11:33:12 PAGE 2   

  56          //定时器0中断
  57          void timer0() interrupt 1
  58          {
  59   1              pwm_t++;//周期计时加
  60   1              if(pwm_t == 255)
  61   1                      pwm_t = EN1 = EN2 = 0;
  62   1              if(pwm_left_val == pwm_t)//左电机占空比 
  63   1                      EN1 = 1;                
  64   1              if(pwm_right_val == pwm_t)//右电机占空比
  65   1                      EN2 = 1;                         
  66   1      }
  67          void main()
  68          {
  69   1              for(;;) //死循环
  70   1              {
  71   2                      if(key_s2 == 0)// 实时检测S2按键是否被按下
  72   2                      {
  73   3                              delay(5); //软件消抖
  74   3                              if(key_s2 == 0)//再检测S2是否被按下
  75   3                              {
  76   4                                      while(!key_s2);//松手检测
  77   4                                      beep = 0;       //使能有源蜂鸣器
  78   4                                      delay(200);//200毫秒延时
  79   4                                      beep = 1;       //关闭有源蜂鸣器
  80   4                                      break;          //退出FOR死循环
  81   4                              }
  82   3                      }
  83   2              }
  84   1              delay(1000);//延时1秒
  85   1              TMOD |= 0x02;//8位自动重装模块
  86   1              TH0 = 220;
  87   1              TL0 = 220;//11.0592M晶振下占空比最大比值是256,输出100HZ
  88   1              TR0 = 1;//启动定时器0
  89   1              ET0 = 1;//允许定时器0中断
  90   1              EA      = 1;//总中断允许
  91   1              while(1)
  92   1              {
  93   2                      //为0 识别障碍物 为1没有识别到障碍物
  94   2                      if(left_led2 == 1 && right_led2 == 1)//左右都没识别到障碍物
  95   2                      {
  96   3                              forward();//前进
  97   3                      }
  98   2                      if(left_led2 == 1 && right_led2 == 0)//小车右侧识别到障碍物，左转躲避
  99   2                      {
 100   3                              left_run();//左转
 101   3                      }
 102   2                      if(left_led2 == 0 && right_led2 == 1)//小车左侧识别到障碍物，右转躲避
 103   2                      {
 104   3                              right_run();//右转
 105   3                      }               
 106   2                      
 107   2              }
 108   1      }


MODULE INFORMATION:   STATIC OVERLAYABLE
   CODE SIZE        =    172    ----
   CONSTANT SIZE    =   ----    ----
   XDATA SIZE       =   ----    ----
   PDATA SIZE       =   ----    ----
   DATA SIZE        =      3    ----
   IDATA SIZE       =   ----    ----
C51 COMPILER V9.00   MAIN                                                                  12/13/2016 11:33:12 PAGE 3   

   BIT SIZE         =   ----    ----
END OF MODULE INFORMATION.


C51 COMPILATION COMPLETE.  0 WARNING(S),  0 ERROR(S)
