C51 COMPILER V9.00   MAIN                                                                  07/24/2019 17:12:10 PAGE 1   


C51 COMPILER V9.00, COMPILATION OF MODULE MAIN
OBJECT MODULE PLACED IN ..\output\main.obj
COMPILER INVOKED BY: C:\Keil\C51\BIN\C51.EXE ..\source\main.c BROWSE DEBUG OBJECTEXTEND PRINT(.\main.lst) OBJECT(..\outp
                    -ut\main.obj)

line level    source

   1          /*
   2          * 【编写时间】： 2019年7月23日
   3          * 【作    者】： 清翔电子:01
   4          * 【版    本】： 1.6
   5          * 【网    站】： http://www.qxmcu.com/ 
   6          * 【淘宝店铺】： http://qxmcu.taobao.com/ 
   7          * 【实验平台】： QX-MCS51 单片机开发板 & QX-A51智能小车
   8          * 【外部晶振】： 11.0592mhz     
   9          * 【主控芯片】： STC89C52
  10          * 【编译环境】： Keil μVisio4
  11          * 【程序功能】： 云台避障，超声波云台与红外避障，1602液晶显示距离
  12          * 【使用说明】： 1、必须接上1602液晶显示器
  13                                           2、请将接在主控板的P32-P35的4P杜邦线拔掉
  14                                           3、再把小车底盘上P34接到主控板的P10上，P35接到主控板的P11上
  15          
  16                                           液晶第一行显示云台测距方向，分别为D、F前方，L左面,R右面
  17                                           第二行是显示的距离，单位毫米
  18                                           可以通过这个显示信息来调节智能小车避障逻辑，理论上不同实验环境
  19                                           下都需要调试才能达到理想效果。
  20                                           执行逻辑app.c文件夹内PTZ_Avoid();函数
  21          * 【注意事项】： 云台不防撞
  22          */
  23          
  24          #define  _MAIN_C
  25          #include "config.h"
  26          #include "motor.h"
  27          #include "Delay.h"
  28          #include "timer_ISR.h"
  29          #include "LCD1602.h"
  30          #include "ultrasonic.h"
  31          #include "app.h"
  32          #include "Servo.h"
  33          #include "main.h"
  34          
  35          uchar LeftSpeed, RightSpeed;//设置左右轮速度
  36          void main()
  37          {
  38   1              LeftSpeed       = 100;//设置左轮速度
  39   1              RightSpeed      = 130;//设置右轮速度
  40   1              IntRegInit();//中断寄存器初始化
  41   1              Timer0Init();//PWM调速初始化
  42   1              Timer1Init();//初始化定时器
  43   1              Init_LCD1602(); //LCD1602初始化
  44   1              ServoFront(); //初始化舵机朝向  
  45   1              while(1)
  46   1              {
  47   2                      PTZ_Avoid();//舵机云台避障
  48   2              }
  49   1      } 


MODULE INFORMATION:   STATIC OVERLAYABLE
   CODE SIZE        =     26    ----
   CONSTANT SIZE    =   ----    ----
C51 COMPILER V9.00   MAIN                                                                  07/24/2019 17:12:10 PAGE 2   

   XDATA SIZE       =   ----    ----
   PDATA SIZE       =   ----    ----
   DATA SIZE        =      2    ----
   IDATA SIZE       =   ----    ----
   BIT SIZE         =   ----    ----
END OF MODULE INFORMATION.


C51 COMPILATION COMPLETE.  0 WARNING(S),  0 ERROR(S)
