C51 COMPILER V9.00   SERVO                                                                 07/24/2019 17:12:14 PAGE 1   


C51 COMPILER V9.00, COMPILATION OF MODULE SERVO
OBJECT MODULE PLACED IN ..\output\servo.obj
COMPILER INVOKED BY: C:\Keil\C51\BIN\C51.EXE ..\source\servo.c BROWSE DEBUG OBJECTEXTEND PRINT(.\servo.lst) OBJECT(..\ou
                    -tput\servo.obj)

line level    source

   1          #include "config.h"
   2          #include "Delay.h"
   3          #include "Servo.h"
   4          /*=================================================
   5          *函数名称：ServoFront
   6          *函数功能：云台向前转动
   7          *调用：
   8          *输入：
   9          =================================================*/
  10          void ServoFront()
  11          {
  12   1              char i;
  13   1              EA_off; //关闭中断否则会影响舵机转向
  14   1              for(i=0;i<10;i++)
  15   1              {       
  16   2                      ServoPin = 1;
  17   2                      Delay1550us();
  18   2                      ServoPin = 0;
  19   2                      Delay18450us();
  20   2              }
  21   1              EA_on;  //开中断
  22   1              Delay1ms(800);
  23   1      }
  24          /*=================================================
  25          *函数名称：ServoLeft
  26          *函数功能：云台向左转动
  27          *调用：
  28          *输入：
  29          =================================================*/
  30          void ServoLeft()
  31          {
  32   1              char i;
  33   1              EA_off; //关闭中断否则会影响舵机转向
  34   1              for(i=0;i<10;i++)
  35   1              {       
  36   2                      ServoPin = 1;
  37   2                      Delay2500us();
  38   2                      ServoPin = 0;
  39   2                      Delay17500us();
  40   2              }
  41   1              EA_on;  //开中断
  42   1              Delay1ms(800);
  43   1      }
  44          /*=================================================
  45          *函数名称：ServoFront
  46          *函数功能：云台向右转动
  47          *调用：
  48          *输入：
  49          =================================================*/
  50          void ServoRight()
  51          {
  52   1              char i;
  53   1              EA_off; //关闭中断否则会影响舵机转向
  54   1              for(i=0;i<10;i++)
C51 COMPILER V9.00   SERVO                                                                 07/24/2019 17:12:14 PAGE 2   

  55   1              {       
  56   2                      ServoPin = 1;
  57   2                      Delay600us();
  58   2                      ServoPin = 0;
  59   2                      Delay19400us();
  60   2              }
  61   1              EA_on;  //开中断
  62   1              Delay1ms(800);
  63   1      }


MODULE INFORMATION:   STATIC OVERLAYABLE
   CODE SIZE        =    105    ----
   CONSTANT SIZE    =   ----    ----
   XDATA SIZE       =   ----    ----
   PDATA SIZE       =   ----    ----
   DATA SIZE        =   ----       3
   IDATA SIZE       =   ----    ----
   BIT SIZE         =   ----    ----
END OF MODULE INFORMATION.


C51 COMPILATION COMPLETE.  0 WARNING(S),  0 ERROR(S)
