C51 COMPILER V9.54   MAIN                                                                  07/18/2023 11:56:07 PAGE 1   


C51 COMPILER V9.54, COMPILATION OF MODULE MAIN
OBJECT MODULE PLACED IN .\Objects\main.obj
COMPILER INVOKED BY: D:\51project\Keil_v5\C51\BIN\C51.EXE main.c OPTIMIZE(8,SPEED) BROWSE INCDIR(..\user;..\LCD1602Ч§ЖЏД
                    -њТы) DEBUG OBJECTEXTEND PRINT(.\Listings\main.lst) TABS(2) OBJECT(.\Objects\main.obj)

line level    source

   1          #include <REGX52.H>
   2          #include"LCD1602.h"
   3          #include"delay.h"
   4          
   5          void main()
   6          {
   7   1        LCD_Init();
   8   1        LCD_ShowNum(1,1,100,3);
   9   1        LCD_ShowNum(2,1,100,3);
  10   1        while(1)
  11   1        {
  12   2            
  13   2        }
  14   1      }


MODULE INFORMATION:   STATIC OVERLAYABLE
   CODE SIZE        =     33    ----
   CONSTANT SIZE    =   ----    ----
   XDATA SIZE       =   ----    ----
   PDATA SIZE       =   ----    ----
   DATA SIZE        =   ----    ----
   IDATA SIZE       =   ----    ----
   BIT SIZE         =   ----    ----
END OF MODULE INFORMATION.


C51 COMPILATION COMPLETE.  0 WARNING(S),  0 ERROR(S)
