C51 COMPILER V9.00   MAIN                                                                  12/13/2016 11:32:15 PAGE 1   


C51 COMPILER V9.00, COMPILATION OF MODULE MAIN
OBJECT MODULE PLACED IN main.OBJ
COMPILER INVOKED BY: C:\Keil\C51\BIN\C51.EXE main.c BROWSE DEBUG OBJECTEXTEND

line level    source

   1          /*********************************************************************************
   2          * 【编写时间】： 2016年12月2日
   3          * 【作    者】： 清翔电子:03
   4          * 【版    本】： 1.0
   5          * 【网    站】： http://www.qxmcu.com/ 
   6          * 【淘宝店铺】： http://qxmcu.taobao.com/ (直销店)
   7          * 【实验平台】： QX-MCS51 单片机开发板 & QX-A51智能小车
   8          * 【外部晶振】： 11.0592mhz     
   9          * 【主控芯片】： STC89C52
  10          * 【编译环境】： Keil μVisio4
  11          * ********************************【接线说明】********************************
  12                       以下"A_"表示智能小车底板~~~"B_"表示开发板     
  13          *开发板供电线  ：A_J5-VCC~~~B_VCC或5V0    A_J6-GND~~~B_GND （一共使用2根杜邦线）
  14          *电机控制线    ：A_J10-P1.2至P1.7 对应接到B_P1.2至P1.7 （一共使用6根杜邦线）
  15          *避障寻迹反馈线：A_J11-P3.2至P3.5 对应接到B_P3.2至P3.5 （一共使用4根杜邦线）
  16          ******************************************************************************
  17          * 【程序功能】：QX-A51智能小车按键调速                                                                      
  18          * 【使用说明】：接线无误后，烧写程序打开电源开关按独立按键S2左右轮减速，
  19          按S3左右轮加速。默认上电小车是以最快的速度行驶。
  20          * 【注意事项】：避免小车撞向障碍物或小车轮子堵转，小车电压不能低于6V
  21          **********************************************************************************/
  22          
  23          #include <reg52.h>
  24          #include <..\CONFIG\QXA51.h>
  25          unsigned char pwm_motor_val;//左右电机占空比值 取值范围0-170，0最快
  26          unsigned char pwm_t;//周期
  27          
  28          void delay(unsigned int z)//毫秒级延时
  29          {
  30   1              unsigned int x,y;
  31   1              for(x = z; x > 0; x--)
  32   1                      for(y = 114; y > 0 ; y--);
  33   1      }
  34          /*小车前进*/
  35          void forward()
  36          {
  37   1              left_motor_go; //左电机前进
  38   1              right_motor_go; //右电机前进
  39   1      }
  40          
  41          //定时器0中断
  42          void timer0() interrupt 1
  43          {
  44   1              pwm_t++;
  45   1              if(pwm_t == 255)
  46   1                      pwm_t = EN1 = EN2 = 0;
  47   1              if(pwm_motor_val == pwm_t)
  48   1                      EN2 = EN1 = 1;                                   
  49   1      }
  50          void main()
  51          {
  52   1              TMOD |= 0x02;//8位自动重装模块
  53   1              TH0 = 220;
  54   1              TL0 = 220;//11.0592M晶振下占空比最大比值是256,输出100HZ
  55   1              TR0 = 1;//启动定时器0
C51 COMPILER V9.00   MAIN                                                                  12/13/2016 11:32:15 PAGE 2   

  56   1              ET0 = 1;//允许定时器0中断
  57   1              EA      = 1;//总中断允许
  58   1              while(1)
  59   1              {
  60   2                      forward();//前进
  61   2                      if(key_s2 == 0)  //S2按下LED变暗
  62   2                      {
  63   3                              delay(5);
  64   3                              if(key_s2 == 0)
  65   3                              {
  66   4                                      if(pwm_motor_val < 170)
  67   4                                      {
  68   5                                              pwm_motor_val++;
  69   5                                      }
  70   4                              }
  71   3                      }
  72   2                      if(key_s3 == 0) //S3按键LED变亮
  73   2                      {
  74   3                              delay(5);
  75   3                              if(key_s3 == 0)
  76   3                              {
  77   4                                      if(pwm_motor_val > 0)
  78   4                                      {
  79   5                                              pwm_motor_val--;
  80   5                                      }
  81   4                              }
  82   3                      }               
  83   2              }
  84   1      }


MODULE INFORMATION:   STATIC OVERLAYABLE
   CODE SIZE        =    135    ----
   CONSTANT SIZE    =   ----    ----
   XDATA SIZE       =   ----    ----
   PDATA SIZE       =   ----    ----
   DATA SIZE        =      2    ----
   IDATA SIZE       =   ----    ----
   BIT SIZE         =   ----    ----
END OF MODULE INFORMATION.


C51 COMPILATION COMPLETE.  0 WARNING(S),  0 ERROR(S)
