C51 COMPILER V9.00   MAIN                                                                  12/11/2016 17:50:43 PAGE 1   


C51 COMPILER V9.00, COMPILATION OF MODULE MAIN
OBJECT MODULE PLACED IN main.OBJ
COMPILER INVOKED BY: C:\Keil\C51\BIN\C51.EXE main.c BROWSE DEBUG OBJECTEXTEND

line level    source

   1          /*********************************************************************************
   2          * 【编写时间】： 2016年12月2日
   3          * 【作    者】： 清翔电子:03
   4          * 【版    本】： 1.0
   5          * 【网    站】： http://www.qxmcu.com/ 
   6          * 【淘宝店铺】： http://qxmcu.taobao.com/ (直销店)
   7          * 【实验平台】： QX-MCS51 单片机开发板 & QX-A51智能小车
   8          * 【外部晶振】： 11.0592mhz     
   9          * 【主控芯片】： STC89C52
  10          * 【编译环境】： Keil μVisio4
  11          * ********************************【接线说明】********************************
  12                                                           以下"A_"表示智能小车底板~~~"B_"表示开发板     
  13          *开发板供电线  ：A_J5-VCC~~~B_VCC或5V0    A_J6-GND~~~B_GND （一共使用2根杜邦线）
  14          *电机控制线    ：A_J10-P1.2至P1.7 对应接到B_P1.2至P1.7 （一共使用6根杜邦线）
  15          *避障寻迹反馈线：A_J11-P3.2至P3.5 对应接到B_P3.2至P3.5 （一共使用4根杜邦线）
  16          ******************************************************************************
  17          * 【程序功能】：智能小车前进后退左转右转综合实验                                                                                    
  18          * 【使用说明】：接线无误后，烧写程序打开电源开关小车全速前进-后退-右转-左转-停止 
  19          * 【注意事项】：避免小车撞向障碍物或小车轮子堵转，小车电压不能低于6V
  20          **********************************************************************************/
  21          #include <reg52.h>
  22          
  23          sbit IN1 = P1^2; //为1 左电机反转
  24          sbit IN2 = P1^3; //为1 左电机正转
  25          sbit IN3 = P1^6; //为1 右电机正转
  26          sbit IN4 = P1^7; //为1 右电机反转
  27          sbit EN1 = P1^4; //为1 左电机使能
  28          sbit EN2 = P1^5; //为1 右电机使能
  29          
  30          void delay(unsigned int z)//毫秒级延时
  31          {
  32   1              unsigned int x,y;
  33   1              for(x = z; x > 0; x--)
  34   1                      for(y = 114; y > 0 ; y--);
  35   1      }       
  36          
  37          void main()
  38          {
  39   1              //小车直行
  40   1              EN1 = 1;  //为1 左电机使能
  41   1              EN2 = 1;  //为1 右电机使能
  42   1              IN1 = 0;//为1 左电机反转
  43   1              IN2 = 1;//为1 左电机正转
  44   1              IN3 = 1;//为1 右电机正转
  45   1              IN4 = 0;//为1 右电机反转        
  46   1              delay(3000);//毫秒级延时
  47   1      
  48   1              //小车停止
  49   1              EN1 = 0;  //为1 左电机使能
  50   1              EN2 = 0;  //为1 右电机使能
  51   1              delay(3000);//毫秒级延时
  52   1              
  53   1              //小车后退
  54   1              EN1 = 1;  //为1 左电机使能
  55   1              EN2 = 1;  //为1 右电机使能
C51 COMPILER V9.00   MAIN                                                                  12/11/2016 17:50:43 PAGE 2   

  56   1              IN1 = 1;//为1 左电机反转
  57   1              IN2 = 0;//为1 左电机正转
  58   1              IN3 = 0;//为1 右电机正转
  59   1              IN4 = 1;//为1 右电机反转
  60   1              delay(3000);//毫秒级延时        
  61   1              
  62   1              //小车停止
  63   1              EN1 = 0;  //为1 左电机使能
  64   1              EN2 = 0;  //为1 右电机使能
  65   1              delay(3000);//毫秒级延时
  66   1      
  67   1              //小车右转
  68   1              EN1 = 1; //为1 左电机使能
  69   1              EN2 = 1; //为1 右电机使能
  70   1              IN1 = 0; //为1 左电机反转
  71   1              IN2 = 1; //为1 左电机正转
  72   1              IN3 = 0; //为1 右电机正转
  73   1              IN4 = 0; //为1 右电机反转
  74   1              delay(3000);//毫秒级延时
  75   1      
  76   1              //小车停止
  77   1              EN1 = 0;  //为1 左电机使能
  78   1              EN2 = 0;  //为1 右电机使能
  79   1              delay(3000);//毫秒级延时
  80   1      
  81   1              //小车左转
  82   1              EN1 = 1; //为1 左电机使能
  83   1              EN2 = 1; //为1 右电机使能
  84   1              IN1 = 1; //为1 左电机反转
  85   1              IN2 = 1; //为1 左电机正转
  86   1              IN3 = 1; //为1 右电机正转
  87   1              IN4 = 0; //为1 右电机反转
  88   1              delay(3000);//毫秒级延时
  89   1      
  90   1              //小车停止
  91   1              EN1 = 0;  //为1 左电机使能
  92   1              EN2 = 0;  //为1 右电机使能              
  93   1              while(1);       
  94   1      }


MODULE INFORMATION:   STATIC OVERLAYABLE
   CODE SIZE        =    109    ----
   CONSTANT SIZE    =   ----    ----
   XDATA SIZE       =   ----    ----
   PDATA SIZE       =   ----    ----
   DATA SIZE        =   ----    ----
   IDATA SIZE       =   ----    ----
   BIT SIZE         =   ----    ----
END OF MODULE INFORMATION.


C51 COMPILATION COMPLETE.  0 WARNING(S),  0 ERROR(S)
