C51 COMPILER V9.54   TIMER0                                                                11/27/2022 15:01:29 PAGE 1   


C51 COMPILER V9.54, COMPILATION OF MODULE TIMER0
OBJECT MODULE PLACED IN .\Objects\Timer0.obj
COMPILER INVOKED BY: C:\Keil_v5\C51\BIN\C51.EXE Timer0.c OPTIMIZE(8,SPEED) BROWSE DEBUG OBJECTEXTEND PRINT(.\Listings\Ti
                    -mer0.lst) OBJECT(.\Objects\Timer0.obj)

line level    source

   1          #include <REGX52.H>
   2          /**
   3            * @brief  定时器0初始化 //1毫秒@12.000MHz
   4            * @param  无
   5            * @retval 无
   6            */
   7          
   8          void Timer0Init(void)           
   9          {
  10   1              TMOD &= 0xF0;           //设置定时器模式
  11   1              TMOD |= 0x01;           //设置定时器模式
  12   1              TL0 = 0x18;             //设置定时初值
  13   1              TH0 = 0xFC;             //设置定时初值
  14   1              TF0 = 0;                //清除TF0标志
  15   1              TR0 = 1;                //开启定时器0
  16   1              ET0=1;                  //打开分开关
  17   1              EA=1;                   //打开总开关
  18   1              PT0=0;
  19   1      }
  20          
  21          /*定时器0模板
  22          void Timer0_Routine() interrupt 1       //中断模式1
  23          {
  24                  static unsigned int T0Count;
  25                  TL0=0x18;               //设置定时初值
  26                  TH0=0xFC;
  27                  T0Count++;
  28                  if(T0Count>=1000)       //一秒
  29                  {
  30                          T0Count=0;
  31                          P2_0=~P2_0;
  32                  }
  33          }
  34          */


MODULE INFORMATION:   STATIC OVERLAYABLE
   CODE SIZE        =     23    ----
   CONSTANT SIZE    =   ----    ----
   XDATA SIZE       =   ----    ----
   PDATA SIZE       =   ----    ----
   DATA SIZE        =   ----    ----
   IDATA SIZE       =   ----    ----
   BIT SIZE         =   ----    ----
END OF MODULE INFORMATION.


C51 COMPILATION COMPLETE.  0 WARNING(S),  0 ERROR(S)
