C51 COMPILER V9.00   MAIN                                                                  06/12/2017 15:10:55 PAGE 1   


C51 COMPILER V9.00, COMPILATION OF MODULE MAIN
OBJECT MODULE PLACED IN main.OBJ
COMPILER INVOKED BY: C:\Keil\C51\BIN\C51.EXE main.c BROWSE DEBUG OBJECTEXTEND

line level    source

   1          /*
   2          * 【编写时间】： 2017年06月11日
   3          * 【作    者】： 清翔电子:03
   4          * 【版    本】： 1.6
   5          * 【网    站】： http://www.qxmcu.com/ 
   6          * 【淘宝店铺】： http://qxmcu.taobao.com/ (直销店)
   7          * 【实验平台】： QX-MCS51 单片机开发板 & QX-A51智能小车
   8          * 【外部晶振】： 11.0592mhz     
   9          * 【主控芯片】： STC89C52
  10          * 【编译环境】： Keil μVisio4
  11          * ********************************【接线说明】********************************
  12                       以下"A_"表示智能小车底板~~~"B_"表示开发板     
  13          *开发板供电线  ：A_J5-VCC~~~B_VCC或5V0    A_J6-GND~~~B_GND （一共使用2根杜邦线）
  14          *电机控制线    ：A_J10-P1.2至P1.7 对应接到B_P1.2至P1.7 （一共使用6根杜邦线）
  15          *超声波模块反馈线：A_J2-P20~~~B_P20    A_J2-P21~~~B_P21 （一共使用2根杜邦线）
  16          ******************************************************************************
  17          * 【程序功能】：QX-A51智能小车超声波魔术手                                                                  
  18          * 【使用说明】：接线无误后，烧写程序打开电源开、按下S2按键后蜂鸣器发出提示音1秒后启动小车
  19          * 【注意事项】：避免小车撞向障碍物或小车轮子堵转。
  20                                          小车电压不能低于6V.
  21                                          此程序只做参考，实际运行效果需根据不同实验场地进行不同调试
  22          **********************************************************************************/
  23          #include <reg52.h>//51头文件
  24          #include <intrins.h>   //包含nop等系统函数
  25          #include <QXA51.h>//QX-A51智能小车配置文件
  26          
  27          
  28          sbit RX = P2^0;//ECHO超声波模块回响端
  29          sbit TX = P2^1;//TRIG超声波模块触发端
  30          
  31          unsigned char pwm_left_val = 150;//左电机占空比值 取值范围0-170，0最快
  32          unsigned char pwm_right_val = 150;//右电机占空比值取值范围0-170 ,0最快
  33          unsigned char pwm_t;//周期
  34          unsigned int  time = 0;//传输时间
  35          unsigned long S = 0;//距离
  36          bit      flag = 0;//超出测量范围标志位
  37          
  38          
  39          void delay(unsigned int z)//毫秒级延时
  40          {
  41   1              unsigned int x,y;
  42   1              for(x = z; x > 0; x--)
  43   1                      for(y = 114; y > 0 ; y--);
  44   1      }
  45          void Delay10us(unsigned char i)         //10us延时函数 启动超声波模块时使用
  46          { 
  47   1         unsigned char j; 
  48   1              do{ 
  49   2                      j = 10; 
  50   2                      do{ 
  51   3                              _nop_(); 
  52   3                      }while(--j); 
  53   2              }while(--i); 
  54   1      }
  55          /*小车前进*/
C51 COMPILER V9.00   MAIN                                                                  06/12/2017 15:10:55 PAGE 2   

  56          void forward()
  57          {
  58   1              left_motor_go; //左电机前进
  59   1              right_motor_go; //右电机前进
  60   1      }
  61          
  62          /*小车后退*/
  63          void backward()
  64          {
  65   1              left_motor_back; //左电机后退
  66   1              right_motor_back; //右电机后退  
  67   1      }
  68          
  69          /*定时器1中断输出PWM信号*/
  70          void timer1() interrupt 3
  71          {
  72   1              pwm_t++;//周期计时加
  73   1              if(pwm_t == 255)
  74   1                      pwm_t = EN1 = EN2 = 0;
  75   1              if(pwm_left_val == pwm_t)//左电机占空比 
  76   1                      EN1 = 1;                
  77   1              if(pwm_right_val == pwm_t)//右电机占空比
  78   1                      EN2 = 1;                         
  79   1      }
  80          
  81          /*判断S2是否被按下*/
  82          void keyscan()
  83          {
  84   1              for(;;) //死循环
  85   1              {
  86   2                      if(key_s2 == 0)// 实时检测S2按键是否被按下
  87   2                      {
  88   3                              delay(5); //软件消抖
  89   3                              if(key_s2 == 0)//再检测S2是否被按下
  90   3                              {
  91   4                                      while(!key_s2);//松手检测
  92   4                                      beep = 0;       //使能有源蜂鸣器
  93   4                                      delay(200);//200毫秒延时
  94   4                                      beep = 1;       //关闭有源蜂鸣器
  95   4                                      break;          //退出FOR死循环
  96   4                              }
  97   3                      }
  98   2              }       
  99   1      }
 100          
 101          /*定时器0中断*/
 102          void timer0() interrupt 1       //T0中断用来计数器溢出,超过测距范围
 103          {
 104   1              flag=1;                                                  //中断溢出标志                  
 105   1      }
 106          void  StartModule()                      //启动超声波模块
 107          {
 108   1                TX=1;                                      //启动一次模块
 109   1            Delay10us(2);
 110   1                TX=0;
 111   1      }
 112          
 113          /*计算超声波所测距离并显示*/
 114          void Conut()
 115          {
 116   1              time=TH0*256+TL0;
 117   1              TH0=0;
C51 COMPILER V9.00   MAIN                                                                  06/12/2017 15:10:55 PAGE 3   

 118   1              TL0=0;
 119   1              
 120   1              S=(float)(time*1.085)*0.17;     //算出来是MM
 121   1              if((S>=7000)||flag==1) //超出测量范围
 122   1              {        
 123   2                      flag=0;
 124   2      
 125   2              }
 126   1      }
 127          
 128          
 129          
 130          /*超声波避障*/
 131          void    Avoid()
 132          {
 133   1              if(S > 150)//设置避障距离（单位毫米）
 134   1              {
 135   2                      forward();
 136   2              }
 137   1              else
 138   1              {
 139   2                      backward();     
 140   2              }
 141   1      }
 142                  
 143          void main()
 144          {
 145   1              keyscan();//等待按键按下启动
 146   1              delay(1000);//延时1秒
 147   1              TMOD |= 0x20;//定时器1工作模式2,8位自动重装。用于产生PWM
 148   1              TMOD |= 0x01;//定时器0工作模块1,16位定时模式。T0用测ECH0脉冲长度
 149   1              TH1 = 220; //
 150   1              TL1 = 220; //100HZ T1
 151   1              TH0     = 0;
 152   1          TL0 = 0;//T0,16位定时计数用于记录ECHO高电平时间         
 153   1          ET1 = 1;//允许T1中断
 154   1              ET0 = 1;//允许T0中断
 155   1              TR1 = 1;//启动定时器1
 156   1              EA  = 1;//启动总中断
 157   1              while(1)
 158   1              {               
 159   2                       StartModule(); //启动模块测距
 160   2                       while(!RX);            //当RX（ECHO信号回响）为零时等待
 161   2                       TR0=1;                     //开启计数
 162   2                       while(RX);                     //当RX为1计数并等待
 163   2                       TR0=0;                         //关闭计数
 164   2                   Conut();                   //计算距离
 165   2                       Avoid();                       //避障
 166   2                       delay(65);     
 167   2              }
 168   1      }


MODULE INFORMATION:   STATIC OVERLAYABLE
   CODE SIZE        =    301    ----
   CONSTANT SIZE    =   ----    ----
   XDATA SIZE       =   ----    ----
   PDATA SIZE       =   ----    ----
   DATA SIZE        =      9    ----
   IDATA SIZE       =   ----    ----
   BIT SIZE         =      1    ----
END OF MODULE INFORMATION.

C51 COMPILER V9.00   MAIN                                                                  06/12/2017 15:10:55 PAGE 4   


C51 COMPILATION COMPLETE.  0 WARNING(S),  0 ERROR(S)
