C51 COMPILER V9.54   MAIN                                                                  06/05/2024 14:33:49 PAGE 1   


C51 COMPILER V9.54, COMPILATION OF MODULE MAIN
OBJECT MODULE PLACED IN main.OBJ
COMPILER INVOKED BY: D:\51project\Keil_v5\keil\C51\BIN\C51.EXE main.c OPTIMIZE(8,SPEED) BROWSE DEBUG OBJECTEXTEND TABS(2
                    -)

line level    source

   1          #include <reg52.H>
   2          
   3          char string[20];
   4          unsigned char tmp;
   5          char code st[] = "string";
   6          char code nu[] = "int";
   7          char code fl[] = "float";
   8          bit flag_st = 0; 
   9          bit flag_ed = 0;
  10          bit flag_point = 0, flag_str = 0, flag_num = 0; 
  11          sbit    KEY = P1^0;
  12          
  13          void Delay(unsigned int xms)        
  14          {
  15   1          unsigned char i, j;
  16   1          while(xms)
  17   1          {
  18   2          i = 2;
  19   2          j = 239;
  20   2          do
  21   2          {
  22   3              while (--j);
  23   3          } while (--i);
  24   2          xms--;
  25   2          }
  26   1      }
  27          
  28          void UART_init()
  29          {
  30   1          TMOD = 0x20;        // ???1???8??????????, ???????
  31   1          TH1 = 0xFD;            // ???9600
  32   1          TL1 = 0xFD;    
  33   1          SCON = 0x50;        // ?????????
  34   1          PCON &= 0xef;        // ??????        
  35   1          TR1 = 1;            // ?????1
  36   1          IE = 0x0;            // ??????
  37   1      }
  38          
  39          void send_str(char *s)       
  40          {
  41   1          unsigned char i = 0;
  42   1          while(s[i] != '\0')
  43   1          {
  44   2              SBUF = s[i];
  45   2              while(!TI);                // ??????
  46   2              TI = 0;                    // ????????
  47   2              i++;                     // ?????
  48   2          }
  49   1      }
  50          
  51          
  52          void proc_key(){
  53   1          int tmp = 0;    
  54   1          if(KEY == 0){           
C51 COMPILER V9.54   MAIN                                                                  06/05/2024 14:33:49 PAGE 2   

  55   2              if(flag_point == 1 && flag_str == 0 && flag_num==1)     
  56   2                  send_str(fl);
  57   2              else if(flag_point == 0 && flag_num== 1 && flag_str == 0) 
  58   2                  send_str(nu);
  59   2              else if(flag_str == 1) 
  60   2                  send_str(st);
  61   2          }
  62   1          flag_point = 0;
  63   1          flag_str = 0;
  64   1          flag_num = 0;
  65   1      }
  66          
  67          void main()
  68          {
  69   1          unsigned char i = 0;
  70   1          int stt = 0;
  71   1          unsigned char type = 0;    
  72   1          
  73   1        UART_init();     
  74   1          while(1)
  75   1          {
  76   2              if(KEY == 0)                // ????
  77   2              {
  78   3                  Delay(10);                // ?????
  79   3                  if(KEY == 0)            // ????
  80   3                      proc_key();           // ???
  81   3              }
  82   2              if(RI){                                   // ???????
  83   3                  RI = 0;
  84   3                  tmp = SBUF;                   // ????????
  85   3                  if (tmp == '('){
  86   4                      flag_st = 1;
  87   4                      flag_ed=0;
  88   4                  }
  89   3                  if (tmp == ')'){
  90   4                      flag_st = 1;
  91   4                      flag_ed=1;
  92   4                  }
  93   3                  if(flag_st == 1 && flag_ed == 0){
  94   4                      if (tmp != '(' && tmp != ')' && stt < 19){
  95   5                          string[stt] = tmp;
  96   5                          stt++;
  97   5                          if(tmp == '.'&&flag_point!=1)
  98   5                              flag_point = 1;
  99   5                          else if(tmp >= '0' && tmp <= '9') 
 100   5                              flag_num = 1;
 101   5                          else if(tmp == '(' || tmp == ')') {;}
 102   5                          else flag_str = 1;
 103   5                      }    
 104   4                  }
 105   3                  if(flag_st == 1 && flag_ed == 1)
 106   3                  {
 107   4                      string[stt+1] = '\0';
 108   4                      stt = 0;
 109   4                      flag_st = 0;
 110   4                      flag_ed=0;
 111   4                  }
 112   3              }
 113   2          }
 114   1      }


C51 COMPILER V9.54   MAIN                                                                  06/05/2024 14:33:49 PAGE 3   

MODULE INFORMATION:   STATIC OVERLAYABLE
   CODE SIZE        =    311    ----
   CONSTANT SIZE    =     17    ----
   XDATA SIZE       =   ----    ----
   PDATA SIZE       =   ----    ----
   DATA SIZE        =     21       9
   IDATA SIZE       =   ----    ----
   BIT SIZE         =      5    ----
END OF MODULE INFORMATION.


C51 COMPILATION COMPLETE.  0 WARNING(S),  0 ERROR(S)
