C51 COMPILER V9.54   CHUANGKOU                                                             07/06/2023 11:25:50 PAGE 1   


C51 COMPILER V9.54, COMPILATION OF MODULE CHUANGKOU
OBJECT MODULE PLACED IN .\Objects\chuangkou.obj
COMPILER INVOKED BY: D:\51project\Keil_v5\C51\BIN\C51.EXE text\chuangkou.c OPTIMIZE(8,SPEED) BROWSE DEBUG OBJECTEXTEND P
                    -RINT(.\Listings\chuangkou.lst) TABS(2) OBJECT(.\Objects\chuangkou.obj)

line level    source

   1          #include <REGX52.H>
   2          void UartInit(void)   //4800bps@11.0592MHz，51单片机是低功率的，要用8位定时器计算
   3          {
   4   1        PCON &= 0x7F;   //波特率不倍速
   5   1        SCON = 0x50;    //8位数据,可变波特率,允许接收
   6   1        TMOD &= 0x0F;   //设置定时器模式
   7   1        TMOD |= 0x20;   //设置定时器模式
   8   1        TL1 = 0xFA;   //设置定时初始值
   9   1        TH1 = 0xFA;   //设置定时重载值
  10   1        ET1 = 0;    //禁止定时器%d中断
  11   1        TR1 = 1;    //定时器1开始计时
  12   1        EA=1;//使能中断
  13   1        ES=1;//使能中断
  14   1      }
  15          void sendbyte(unsigned char byte)
  16          {
  17   1        SBUF=byte;
  18   1        while(TI==0);
  19   1        TI=0;
  20   1      }


MODULE INFORMATION:   STATIC OVERLAYABLE
   CODE SIZE        =     35    ----
   CONSTANT SIZE    =   ----    ----
   XDATA SIZE       =   ----    ----
   PDATA SIZE       =   ----    ----
   DATA SIZE        =   ----    ----
   IDATA SIZE       =   ----    ----
   BIT SIZE         =   ----    ----
END OF MODULE INFORMATION.


C51 COMPILATION COMPLETE.  0 WARNING(S),  0 ERROR(S)
