C51 COMPILER V9.54   COLOR                                                                 07/06/2023 11:25:49 PAGE 1   


C51 COMPILER V9.54, COMPILATION OF MODULE COLOR
OBJECT MODULE PLACED IN .\Objects\color.obj
COMPILER INVOKED BY: D:\51project\Keil_v5\C51\BIN\C51.EXE text\color.c OPTIMIZE(8,SPEED) BROWSE DEBUG OBJECTEXTEND PRINT
                    -(.\Listings\color.lst) TABS(2) OBJECT(.\Objects\color.obj)

line level    source

   1          #include <REGX52.H>
   2          #include"color.h"
   3          
   4          sbit SCLK=P3^6;
   5          sbit IO=P3^4;
   6          sbit CE=P3^5;
   7          
   8          unsigned char DS1302_Time[]={23,04,15,12,59,55,6};
   9          
  10          void init()//BCD码，0001 0011表示13，一位表示十位，一位表示个位
  11          {
  12   1        CE=0;
  13   1        SCLK=0;
  14   1      } //时钟初始化
  15          void write(unsigned char com,Data)
  16          {
  17   1        unsigned char i;
  18   1        CE=1;
  19   1        for(i=0;i<8;i++)
  20   1        {
  21   2        IO=com&(0x01<<i);//选取第n位
  22   2        SCLK=1;//考虑频率
  23   2        SCLK=0;//选取第n位
  24   2        }
  25   1        for(i=0;i<8;i++)
  26   1        {
  27   2        IO=Data&(0x01<<i);//取出第n位
  28   2        SCLK=1;//考虑频率
  29   2        SCLK=0;//写入第n位
  30   2        }
  31   1        CE=0;
  32   1      }
  33          unsigned char read(unsigned char com)
  34          {
  35   1        unsigned char i,Data=0x00;
  36   1        com|=0x01;
  37   1        CE=1;
  38   1        for(i=0;i<8;i++)
  39   1        {
  40   2        IO=com&(0x01<<i);//选取第n位
  41   2        SCLK=0;//考虑频率
  42   2        SCLK=1;//选取第n位
  43   2        }
  44   1        for(i=0;i<8;i++)
  45   1        {
  46   2        SCLK=1;//将少一位的脉冲含去掉
  47   2        SCLK=0;
  48   2        if(IO)
  49   2        {
  50   3          Data|=(0x01<<i);
  51   3        }
  52   2        }
  53   1        CE=0;
  54   1        IO=0;//选取数据域
C51 COMPILER V9.54   COLOR                                                                 07/06/2023 11:25:49 PAGE 2   

  55   1        return Data;
  56   1      }
  57          
  58          void settime(void)//BCD码转换
  59          {
  60   1        write(DS1302_WP,0x00);
  61   1        write(DS1302_YEAR,DS1302_Time[0]/10*16+DS1302_Time[0]%10);
  62   1        write(DS1302_MONTH,DS1302_Time[1]/10*16+DS1302_Time[1]%10);
  63   1        write(DS1302_DATE,DS1302_Time[2]/10*16+DS1302_Time[2]%10);
  64   1        write(DS1302_HOUR,DS1302_Time[3]/10*16+DS1302_Time[3]%10);
  65   1        write(DS1302_MINUTE,DS1302_Time[4]/10*16+DS1302_Time[4]%10);
  66   1        write(DS1302_SECOND,DS1302_Time[5]/10*16+DS1302_Time[5]%10);
  67   1        write(DS1302_DAY,DS1302_Time[6]/10*16+DS1302_Time[6]%10);
  68   1        write(DS1302_WP,0x80);
  69   1      }
  70          
  71          void readtime(void)
  72          {
  73   1        unsigned char Temp;
  74   1        Temp=read(DS1302_YEAR);
  75   1        DS1302_Time[0]=Temp/16*10+Temp%16;
  76   1        Temp=read(DS1302_MONTH);
  77   1        DS1302_Time[1]=Temp/16*10+Temp%16;
  78   1        Temp=read(DS1302_DATE);
  79   1        DS1302_Time[2]=Temp/16*10+Temp%16;
  80   1        Temp=read(DS1302_HOUR);
  81   1        DS1302_Time[3]=Temp/16*10+Temp%16;
  82   1        Temp=read(DS1302_MINUTE);
  83   1        DS1302_Time[4]=Temp/16*10+Temp%16;
  84   1        Temp=read(DS1302_SECOND);
  85   1        DS1302_Time[5]=Temp/16*10+Temp%16;
  86   1        Temp=read(DS1302_DAY);
  87   1        DS1302_Time[6]=Temp/16*10+Temp%16;
  88   1      }


MODULE INFORMATION:   STATIC OVERLAYABLE
   CODE SIZE        =    551    ----
   CONSTANT SIZE    =   ----    ----
   XDATA SIZE       =   ----    ----
   PDATA SIZE       =   ----    ----
   DATA SIZE        =      7       2
   IDATA SIZE       =   ----    ----
   BIT SIZE         =   ----    ----
END OF MODULE INFORMATION.


C51 COMPILATION COMPLETE.  0 WARNING(S),  0 ERROR(S)
