C51 COMPILER V9.54   MAIN                                                                  07/06/2023 11:25:49 PAGE 1   


C51 COMPILER V9.54, COMPILATION OF MODULE MAIN
OBJECT MODULE PLACED IN .\Objects\main.obj
COMPILER INVOKED BY: D:\51project\Keil_v5\C51\BIN\C51.EXE text\main.c OPTIMIZE(8,SPEED) BROWSE DEBUG OBJECTEXTEND PRINT(
                    -.\Listings\main.lst) TABS(2) OBJECT(.\Objects\main.obj)

line level    source

   1          #include <REGX52.H>
   2          #include"delay.h"
   3          #include"shuma.h"
   4          #include"chuangkou.h"
   5          #include"color.h"
   6          #include"link.h"
   7          void six()
   8          {
   9   1        unsigned char show_mode = 0;//在静态显示下，选择显示年月日/时分秒/电压
  10   1        unsigned char input_mode = 0;
  11   1        unsigned int Data;
  12   1        float VccData = 0;
  13   1        int i = 0;
  14   1        init();
  15   1        settime();
  16   1        show_mode++;
  17   1        while(1)
  18   1        {
  19   2          readtime();
  20   2          Data = XPT2046_ReadAD(XPT2046_XP);
  21   2            if(show_mode == 0)
  22   2            {
  23   3              ymd();//年 月 日
  24   3            }
  25   2            else if(show_mode == 1)
  26   2            {
  27   3              hms();// 时 分 秒
  28   3            }
  29   2            else if(show_mode ==2)
  30   2            {
  31   3              ad(VccData);//电压
  32   3              VccData = Data/255.0 * 3.3;
  33   3              VccData *= 100;
  34   3            }
  35   2            show_mode %= 3;
  36   2          //按键消抖
  37   2            if(P3_1 == 0)
  38   2          {
  39   3            delayms(20);
  40   3            while(P3_1==0);
  41   3            delayms(20);
  42   3            show_mode += 1;
  43   3          }
  44   2        }
  45   1      }
  46          
  47          int  main()//执行完后又重新执行
  48          {
  49   1        while(1)
  50   1        {
  51   2          char k=0;
  52   2          for(k=0;k<8;k++)
  53   2          {
  54   3            P0=~(0x01<<k);
C51 COMPILER V9.54   MAIN                                                                  07/06/2023 11:25:49 PAGE 2   

  55   3            delayms(500);
  56   3          }
  57   2          for(k=6;k>0;k--)
  58   2          {
  59   3            P0=~(0x01<<k);
  60   3            delayms(500);
  61   3          }
  62   2        }
  63   1      }


MODULE INFORMATION:   STATIC OVERLAYABLE
   CODE SIZE        =    243    ----
   CONSTANT SIZE    =   ----    ----
   XDATA SIZE       =   ----    ----
   PDATA SIZE       =   ----    ----
   DATA SIZE        =   ----      11
   IDATA SIZE       =   ----    ----
   BIT SIZE         =   ----    ----
END OF MODULE INFORMATION.


C51 COMPILATION COMPLETE.  0 WARNING(S),  0 ERROR(S)
