C51 COMPILER V9.54   SHUMA                                                                 07/06/2023 11:25:49 PAGE 1   


C51 COMPILER V9.54, COMPILATION OF MODULE SHUMA
OBJECT MODULE PLACED IN .\Objects\shuma.obj
COMPILER INVOKED BY: D:\51project\Keil_v5\C51\BIN\C51.EXE text\shuma.c OPTIMIZE(8,SPEED) BROWSE DEBUG OBJECTEXTEND PRINT
                    -(.\Listings\shuma.lst) TABS(2) OBJECT(.\Objects\shuma.obj)

line level    source

   1          #include <REGX52.H>
   2          #include"shuma.h"
   3          #include"delay.h"
   4          void towtoten(unsigned char location,unsigned char *x)
   5          {
   6   1        int i=0;
   7   1        for(i=0;i<4;i++)
   8   1        {
   9   2          *(x+i)=location%2;
  10   2          location/=2;
  11   2        }
  12   1      }
  13          void children(unsigned char loc,num)
  14          {
  15   1        static char table[]={0x3f,0x06,0x5b,0x4f,0x66,0x6d,0x7d,0x07,0x7f,0x6f,0x00};
  16   1        switch(loc)   
  17   1        {
  18   2          case 1:P2_4=0;P2_3=0;P2_2=0;break;
  19   2          case 2:P2_4=0;P2_3=0;P2_2=1;break;
  20   2          case 3:P2_4=0;P2_3=1;P2_2=0;break;
  21   2          case 4:P2_4=0;P2_3=1;P2_2=1;break;
  22   2          case 5:P2_4=1;P2_3=0;P2_2=0;break;
  23   2          case 6:P2_4=1;P2_3=0;P2_2=1;break;
  24   2          case 7:P2_4=1;P2_3=1;P2_2=0;break;
  25   2          case 8:P2_4=1;P2_3=1;P2_2=1;break;
  26   2        }
  27   1        if(loc == 3 || loc == 5)
  28   1          P0=table[num]|0x80; 
  29   1        else
  30   1          P0 = table[num];
  31   1        delayms(1);       
  32   1        P0=0x00;
  33   1      
  34   1        //显示加点时间
  35   1      }
  36          void light_four(unsigned char a[])
  37          {
  38   1          children(4,a[3]);
  39   1          children(5,a[2]);
  40   1          children(6,a[1]);
  41   1          children(7,a[0]);
  42   1      }//点亮数码管
  43          
  44          void ymd()
  45          {
  46   1        children(8,2);
  47   1        children(7,0);
  48   1        children(6,DS1302_Time[0]/10);
  49   1        children(5,DS1302_Time[0]%10);
  50   1        children(4,DS1302_Time[1]/10);
  51   1        children(3,DS1302_Time[1]%10);
  52   1        children(2,DS1302_Time[2]/10);
  53   1        children(1,DS1302_Time[2]%10);
  54   1      }
C51 COMPILER V9.54   SHUMA                                                                 07/06/2023 11:25:49 PAGE 2   

  55          void hms()
  56          {
  57   1        children(6,DS1302_Time[3]/10);
  58   1        children(5,DS1302_Time[3]%10);
  59   1        children(4,DS1302_Time[4]/10);
  60   1        children(3,DS1302_Time[4]%10);
  61   1        children(2,DS1302_Time[5]/10);
  62   1        children(1,DS1302_Time[5]%10);
  63   1      
  64   1      }
  65          void ad(unsigned int Data)
  66          {
  67   1        children(3,Data/100);
  68   1        children(2,Data/10%10);
  69   1        children(1,Data%10);
  70   1      }


MODULE INFORMATION:   STATIC OVERLAYABLE
   CODE SIZE        =    494    ----
   CONSTANT SIZE    =   ----    ----
   XDATA SIZE       =   ----    ----
   PDATA SIZE       =   ----    ----
   DATA SIZE        =     11      10
   IDATA SIZE       =   ----    ----
   BIT SIZE         =   ----    ----
END OF MODULE INFORMATION.


C51 COMPILATION COMPLETE.  0 WARNING(S),  0 ERROR(S)
