*** Using Compiler 'V5.06 update 5 (build 528)', folder: 'D:\51project\Keil_v5\ARM\ARMCC\Bin'
Build target 'Target 1'
compiling anjian.c...
"no source": Error:  #5: cannot open source input file "..\OBJ\anjian.c": No such file or directory
..\OBJ\anjian.c: 0 warnings, 1 error
compiling oled.c...
"no source": Error:  #5: cannot open source input file "..\OBJ\oled.c": No such file or directory
..\OBJ\oled.c: 0 warnings, 1 error
compiling main.c...
..\OBJ\main.c(96): warning:  #1-D: last line of file ends without a newline
  // }
..\OBJ\main.c: 1 warning, 0 errors
linking...
.\Objects\frist-project.axf: Error: L6218E: Undefined symbol num (referred from timer.o).
.\Objects\frist-project.axf: Error: L6218E: Undefined symbol main (referred from __rtentry2.o).
Not enough information to list image symbols.
Not enough information to list load addresses in the image map.
Finished: 2 information, 0 warning and 2 error messages.
".\Objects\frist-project.axf" - 2 Error(s), 1 Warning(s).
Target not created.
Build Time Elapsed:  00:00:01
