C51 COMPILER V9.00   _列LED显示实验                                                       11/16/2021 16:16:39 PAGE 1   


C51 COMPILER V9.00, COMPILATION OF MODULE _列LED显示实验
OBJECT MODULE PLACED IN 阵列LED显示实验.OBJ
COMPILER INVOKED BY: C:\Keil_v5\C51\BIN\C51.EXE 阵列LED显示实验.c OPTIMIZE(8,SPEED) BROWSE DEBUG OBJECTEXTEND TABS(2)

line level    source

   1          /***************************************************************************
   2          实验名称： 阵列LED显示实验
   3          
   4          实验模块:  51单片机核心板、矩阵LED区
   5          
   6          实验接线： 51单片机核心板------矩阵LED区
   7                    P0 ------------ J16
   8                    P2 ------------ J17
   9                    P1 ------------ J14
  10                    P3 ------------ J15
  11                    
  12          现象描述：矩阵LED循环显示“欢迎使用通用单片机实验装置”
  13          
  14          更新时间：2017.10.17
  15          ***************************************************************************/
  16          #include<reg52.h>
  17          #define uint unsigned int 
  18          #define uchar unsigned char
  19          
  20          uint code Tab[][32] = {
  21            {0xFF,0xFC,0xFF,0xFC,0x80,0xFC,0x9F,0x80,0x1F,0x9E,0x49,0xCE,0x03,0xF9,0x87,0xF9,  
  22            0xE7,0xF9,0xC3,0xF0,0x93,0xF0,0x19,0xE6,0x7C,0xE6,0x3F,0xCF,0x9F,0x9F,0xCF,0x3F}, //  "欢" 1
  23          
  24            {0xFF,0xFF,0xF3,0xFC,0x27,0x82,0x27,0x93,0x3F,0x93,0x3F,0x93,0x20,0x93,0x27,0x93,  
  25            0x27,0x93,0x27,0x80,0x27,0xC2,0x27,0xF3,0xE7,0xF3,0xC3,0xF3,0x19,0x00,0xFF,0xFF}, //  "迎" 2
  26            
  27            {0xE7,0xF9,0xE7,0xF9,0x07,0x00,0xF3,0xF9,0xF3,0xF9,0x11,0x80,0x91,0x99,0x90,0x99,       
  28            0x13,0x80,0xF3,0xF9,0x33,0xF9,0x73,0xF8,0xF3,0xFC,0x73,0xF8,0x33,0xE3,0x83,0x0F}, //  "使" 3
  29            
  30            {0xFF,0xFF,0x03,0xC0,0x73,0xCE,0x73,0xCE,0x73,0xCE,0x03,0xC0,0x73,0xCE,0x73,0xCE,  
  31            0x73,0xCE,0x03,0xC0,0x73,0xCE,0x73,0xCE,0x73,0xCE,0x79,0xCE,0x79,0xC2,0xFC,0xE7}, //  "用" 4
  32            
  33            {0xFF,0xFF,0x19,0xC0,0xF3,0xE7,0x73,0xF0,0xFF,0xF9,0x1F,0x80,0x90,0x99,0x93,0x99,  
  34            0x13,0x80,0x93,0x99,0x93,0x99,0x13,0x80,0x93,0x99,0x93,0x81,0x81,0xCF,0x0C,0x00}, //  "通" 5
  35            
  36            {0xFF,0xFF,0x03,0xC0,0x73,0xCE,0x73,0xCE,0x73,0xCE,0x03,0xC0,0x73,0xCE,0x73,0xCE,  
  37            0x73,0xCE,0x03,0xC0,0x73,0xCE,0x73,0xCE,0x73,0xCE,0x79,0xCE,0x79,0xC2,0xFC,0xE7}, //  "用" 6
  38            
  39            {0xE7,0xE7,0xCF,0xF3,0x9F,0xF9,0x03,0xC0,0x73,0xCE,0x73,0xCE,0x03,0xC0,0x73,0xCE,  
  40            0x73,0xCE,0x03,0xC0,0x7F,0xFE,0x7F,0xFE,0x00,0x00,0x7F,0xFE,0x7F,0xFE,0x7F,0xFE}, //  "单" 7
  41            
  42            {0xFF,0xF9,0xE7,0xF9,0xE7,0xF9,0xE7,0xF9,0xE7,0xF9,0x07,0x80,0xE7,0xFF,0xE7,0xFF,     
  43            0xE7,0xFF,0x07,0xF0,0xE7,0xF3,0xE7,0xF3,0xE7,0xF3,0xF3,0xF3,0xF3,0xF3,0xF9,0xF3}, //  "片" 8
  44            
  45            {0xE7,0xFF,0x67,0xE0,0x67,0xE6,0x67,0xE6,0x00,0xE6,0x67,0xE6,0x63,0xE6,0x43,0xE6,  
  46            0x01,0xE6,0x01,0xE6,0x64,0xE6,0x67,0x26,0x67,0x26,0x27,0x27,0x27,0x0F,0x87,0xFF}, //  "机" 9
  47            
  48            {0x3F,0xFF,0x7F,0xFE,0x01,0x00,0xF9,0x3F,0xCC,0x9C,0x9F,0xFC,0x9F,0xFC,0xE7,0xFC,  
  49            0xCF,0xFC,0xCF,0xFC,0x00,0x00,0x7F,0xF8,0x3F,0xF3,0x9F,0xE7,0xC7,0xCF,0xF1,0x9F}, //  "实" 10
  50            
  51            {0xFF,0xF3,0xC0,0xF3,0xCF,0xE1,0xC9,0xE1,0xC9,0xCC,0x49,0x9E,0x09,0x00,0x81,0xFF,  
  52            0x9F,0x99,0x9F,0x93,0x07,0x92,0x90,0xC0,0x99,0xCC,0x9F,0xE7,0x03,0x00,0xE7,0xFF}, //  "验" 11
  53          
  54            {0xCF,0xF3,0xC9,0xF3,0x03,0x00,0xCF,0xF3,0xC7,0xF3,0xC3,0xF3,0x48,0x80,0x0F,0xFF,  
  55            0x7F,0xFE,0x00,0x00,0x1F,0xFE,0x8F,0xCC,0x83,0xE1,0x18,0xE2,0x1F,0x0F,0x9F,0xFF}, //  "装" 12
C51 COMPILER V9.00   _列LED显示实验                                                       11/16/2021 16:16:39 PAGE 2   

  56            
  57            {0x01,0x80,0x99,0x99,0x01,0x80,0x7F,0xFE,0x01,0x80,0x7F,0xFE,0x07,0xE0,0xE7,0xE7,  
  58            0x07,0xE0,0xE7,0xE7,0x07,0xE0,0xE7,0xE7,0x07,0xE0,0xE7,0xE7,0x00,0x00,0xFF,0xFF}  //  "置" 13
  59            
  60            };
  61          
  62          void mDelay(uint Delay) //延时
  63          { uchar i;
  64   1        for(;Delay > 0;Delay--)
  65   1          for(i = 0;i < 110;i++);
  66   1      }
  67          
  68          void main()       //主函数
  69          {
  70   1        uchar i,j,a,b;
  71   1        uint k;
  72   1        while(1)
  73   1        { 
  74   2          for(i = 0;i < 13;i++)       //显示13个字（欢迎使用通用单片机实验装置）
  75   2          {
  76   3            for(k = 0;k < 100;k++)        //每一个字扫描显示100次
  77   3            {
  78   4              P1 = 0;             //设置初始值
  79   4              P3 = 0;
  80   4              a = 1;
  81   4              b = 1;
  82   4              for(j = 0;j < 16;j++)     //扫描16行点阵
  83   4              {
  84   5                P0 = Tab[i][j*2];   //扫描每一行的前八位
  85   5                P2 = Tab[i][j*2+1];   //扫描每一行的后八位
  86   5                
  87   5                if(j < 8)       //前八行设置哪一行显示
  88   5                {
  89   6                  P1 = P1|a;      //当前显示的那一行置高
  90   6                  mDelay(1);
  91   6                  P1 = P1&0;
  92   6                  a *= 2;
  93   6                }
  94   5                else          //后八行设置哪一行显示
  95   5                {
  96   6                  P3 = P1|b;      //当前显示的那一行置高
  97   6                  mDelay(1);
  98   6                  P3 = P3&0;
  99   6                  b *= 2; 
 100   6                }
 101   5              }       
 102   4            }
 103   3          }
 104   2          }
 105   1      }


MODULE INFORMATION:   STATIC OVERLAYABLE
   CODE SIZE        =    189    ----
   CONSTANT SIZE    =    832    ----
   XDATA SIZE       =   ----    ----
   PDATA SIZE       =   ----    ----
   DATA SIZE        =   ----       5
   IDATA SIZE       =   ----    ----
   BIT SIZE         =   ----    ----
END OF MODULE INFORMATION.


C51 COMPILATION COMPLETE.  0 WARNING(S),  0 ERROR(S)
