C51 COMPILER V9.54   XUNJI                                                                 04/19/2023 22:19:09 PAGE 1   


C51 COMPILER V9.54, COMPILATION OF MODULE XUNJI
OBJECT MODULE PLACED IN .\Objects\xunji.obj
COMPILER INVOKED BY: D:\Keil_v5\C51\BIN\C51.EXE xunji.c OPTIMIZE(8,SPEED) BROWSE DEBUG OBJECTEXTEND PRINT(.\Listings\xun
                    -ji.lst) TABS(2) OBJECT(.\Objects\xunji.obj)

line level    source

   1          #include"BASIC.h"
   2          #include"HEAD.h"
   3          void judger()
   4          {
   5   1        if(left_led==1 && right_led==1)
   6   1            forward();
   7   1          else
   8   1          {
   9   2            if(left_led==0 && right_led==1)
  10   2              right();
  11   2            if(left_led==1 && right_led==0)
  12   2              left();
  13   2            if(left_led==0 && right_led==0)
  14   2            {
  15   3              back_right();
  16   3            }
  17   2          }
  18   1      }


MODULE INFORMATION:   STATIC OVERLAYABLE
   CODE SIZE        =     37    ----
   CONSTANT SIZE    =   ----    ----
   XDATA SIZE       =   ----    ----
   PDATA SIZE       =   ----    ----
   DATA SIZE        =   ----    ----
   IDATA SIZE       =   ----    ----
   BIT SIZE         =   ----    ----
END OF MODULE INFORMATION.


C51 COMPILATION COMPLETE.  0 WARNING(S),  0 ERROR(S)
